CRITICAL - 2021-08-19 01:41:30 --> date() expects at most 2 parameters, 4 given
#0 [internal function]: CodeIgniter\Debug\Exceptions->errorHandler(2, 'date() expects ...', 'C:\\xamm\\htdocs\\...', 31, Array)
#1 C:\xamm\htdocs\pkl\app\Controllers\ClientTransaksi.php(31): date('y', 'm', 'd', 1628658000)
#2 C:\xamm\htdocs\pkl\vendor\codeigniter4\framework\system\CodeIgniter.php(928): App\Controllers\ClientTransaksi->ctransaksi('1')
#3 C:\xamm\htdocs\pkl\vendor\codeigniter4\framework\system\CodeIgniter.php(436): CodeIgniter\CodeIgniter->runController(Object(App\Controllers\ClientTransaksi))
#4 C:\xamm\htdocs\pkl\vendor\codeigniter4\framework\system\CodeIgniter.php(336): CodeIgniter\CodeIgniter->handleRequest(NULL, Object(Config\Cache), false)
#5 C:\xamm\htdocs\pkl\public\index.php(37): CodeIgniter\CodeIgniter->run()
#6 C:\xamm\htdocs\pkl\vendor\codeigniter4\framework\system\Commands\Server\rewrite.php(45): require_once('C:\\xamm\\htdocs\\...')
#7 {main}
CRITICAL - 2021-08-19 20:27:50 --> Object of class Myth\Auth\Entities\User could not be converted to string
#0 C:\xamm\htdocs\pkl\app\Views\template\administrator.php(128): CodeIgniter\Debug\Exceptions->errorHandler(4096, 'Object of class...', 'C:\\xamm\\htdocs\\...', 128, Array)
#1 C:\xamm\htdocs\pkl\vendor\codeigniter4\framework\system\View\View.php(230): include('C:\\xamm\\htdocs\\...')
#2 C:\xamm\htdocs\pkl\vendor\codeigniter4\framework\system\View\View.php(232): CodeIgniter\View\View->CodeIgniter\View\{closure}()
#3 C:\xamm\htdocs\pkl\vendor\codeigniter4\framework\system\View\View.php(246): CodeIgniter\View\View->render('template/admini...', Array, true)
#4 C:\xamm\htdocs\pkl\vendor\codeigniter4\framework\system\Common.php(1271): CodeIgniter\View\View->render('/client/tabel', Array, true)
#5 C:\xamm\htdocs\pkl\app\Controllers\Client.php(22): view('/client/tabel', Array)
#6 C:\xamm\htdocs\pkl\vendor\codeigniter4\framework\system\CodeIgniter.php(928): App\Controllers\client->index()
#7 C:\xamm\htdocs\pkl\vendor\codeigniter4\framework\system\CodeIgniter.php(436): CodeIgniter\CodeIgniter->runController(Object(App\Controllers\client))
#8 C:\xamm\htdocs\pkl\vendor\codeigniter4\framework\system\CodeIgniter.php(336): CodeIgniter\CodeIgniter->handleRequest(NULL, Object(Config\Cache), false)
#9 C:\xamm\htdocs\pkl\public\index.php(37): CodeIgniter\CodeIgniter->run()
#10 C:\xamm\htdocs\pkl\vendor\codeigniter4\framework\system\Commands\Server\rewrite.php(45): require_once('C:\\xamm\\htdocs\\...')
#11 {main}
CRITICAL - 2021-08-19 20:34:49 --> Object of class Myth\Auth\Entities\User could not be converted to string
#0 C:\xamm\htdocs\pkl\app\Views\template\administrator.php(128): CodeIgniter\Debug\Exceptions->errorHandler(4096, 'Object of class...', 'C:\\xamm\\htdocs\\...', 128, Array)
#1 C:\xamm\htdocs\pkl\vendor\codeigniter4\framework\system\View\View.php(230): include('C:\\xamm\\htdocs\\...')
#2 C:\xamm\htdocs\pkl\vendor\codeigniter4\framework\system\View\View.php(232): CodeIgniter\View\View->CodeIgniter\View\{closure}()
#3 C:\xamm\htdocs\pkl\vendor\codeigniter4\framework\system\View\View.php(246): CodeIgniter\View\View->render('template/admini...', Array, true)
#4 C:\xamm\htdocs\pkl\vendor\codeigniter4\framework\system\Common.php(1271): CodeIgniter\View\View->render('index', Array, true)
#5 C:\xamm\htdocs\pkl\app\Controllers\Home.php(13): view('index')
#6 C:\xamm\htdocs\pkl\vendor\codeigniter4\framework\system\CodeIgniter.php(928): App\Controllers\Home->index()
#7 C:\xamm\htdocs\pkl\vendor\codeigniter4\framework\system\CodeIgniter.php(436): CodeIgniter\CodeIgniter->runController(Object(App\Controllers\Home))
#8 C:\xamm\htdocs\pkl\vendor\codeigniter4\framework\system\CodeIgniter.php(336): CodeIgniter\CodeIgniter->handleRequest(NULL, Object(Config\Cache), false)
#9 C:\xamm\htdocs\pkl\public\index.php(37): CodeIgniter\CodeIgniter->run()
#10 C:\xamm\htdocs\pkl\vendor\codeigniter4\framework\system\Commands\Server\rewrite.php(45): require_once('C:\\xamm\\htdocs\\...')
#11 {main}
CRITICAL - 2021-08-19 20:38:15 --> Object of class Myth\Auth\Entities\User could not be converted to string
#0 C:\xamm\htdocs\pkl\app\Views\template\administrator.php(128): CodeIgniter\Debug\Exceptions->errorHandler(4096, 'Object of class...', 'C:\\xamm\\htdocs\\...', 128, Array)
#1 C:\xamm\htdocs\pkl\vendor\codeigniter4\framework\system\View\View.php(230): include('C:\\xamm\\htdocs\\...')
#2 C:\xamm\htdocs\pkl\vendor\codeigniter4\framework\system\View\View.php(232): CodeIgniter\View\View->CodeIgniter\View\{closure}()
#3 C:\xamm\htdocs\pkl\vendor\codeigniter4\framework\system\View\View.php(246): CodeIgniter\View\View->render('template/admini...', Array, true)
#4 C:\xamm\htdocs\pkl\vendor\codeigniter4\framework\system\Common.php(1271): CodeIgniter\View\View->render('index', Array, true)
#5 C:\xamm\htdocs\pkl\app\Controllers\Home.php(13): view('index')
#6 C:\xamm\htdocs\pkl\vendor\codeigniter4\framework\system\CodeIgniter.php(928): App\Controllers\Home->index()
#7 C:\xamm\htdocs\pkl\vendor\codeigniter4\framework\system\CodeIgniter.php(436): CodeIgniter\CodeIgniter->runController(Object(App\Controllers\Home))
#8 C:\xamm\htdocs\pkl\vendor\codeigniter4\framework\system\CodeIgniter.php(336): CodeIgniter\CodeIgniter->handleRequest(NULL, Object(Config\Cache), false)
#9 C:\xamm\htdocs\pkl\public\index.php(37): CodeIgniter\CodeIgniter->run()
#10 C:\xamm\htdocs\pkl\vendor\codeigniter4\framework\system\Commands\Server\rewrite.php(45): require_once('C:\\xamm\\htdocs\\...')
#11 {main}
CRITICAL - 2021-08-19 21:17:10 --> Invalid argument supplied for foreach()
#0 C:\xamm\htdocs\pkl\app\Views\template\administrator.php(127): CodeIgniter\Debug\Exceptions->errorHandler(2, 'Invalid argumen...', 'C:\\xamm\\htdocs\\...', 127, Array)
#1 C:\xamm\htdocs\pkl\vendor\codeigniter4\framework\system\View\View.php(230): include('C:\\xamm\\htdocs\\...')
#2 C:\xamm\htdocs\pkl\vendor\codeigniter4\framework\system\View\View.php(232): CodeIgniter\View\View->CodeIgniter\View\{closure}()
#3 C:\xamm\htdocs\pkl\vendor\codeigniter4\framework\system\View\View.php(246): CodeIgniter\View\View->render('template/admini...', Array, true)
#4 C:\xamm\htdocs\pkl\vendor\codeigniter4\framework\system\Common.php(1271): CodeIgniter\View\View->render('index', Array, true)
#5 C:\xamm\htdocs\pkl\app\Controllers\Home.php(13): view('index')
#6 C:\xamm\htdocs\pkl\vendor\codeigniter4\framework\system\CodeIgniter.php(928): App\Controllers\Home->index()
#7 C:\xamm\htdocs\pkl\vendor\codeigniter4\framework\system\CodeIgniter.php(436): CodeIgniter\CodeIgniter->runController(Object(App\Controllers\Home))
#8 C:\xamm\htdocs\pkl\vendor\codeigniter4\framework\system\CodeIgniter.php(336): CodeIgniter\CodeIgniter->handleRequest(NULL, Object(Config\Cache), false)
#9 C:\xamm\htdocs\pkl\public\index.php(37): CodeIgniter\CodeIgniter->run()
#10 C:\xamm\htdocs\pkl\vendor\codeigniter4\framework\system\Commands\Server\rewrite.php(45): require_once('C:\\xamm\\htdocs\\...')
#11 {main}
CRITICAL - 2021-08-19 21:18:20 --> Invalid argument supplied for foreach()
#0 C:\xamm\htdocs\pkl\app\Views\template\administrator.php(127): CodeIgniter\Debug\Exceptions->errorHandler(2, 'Invalid argumen...', 'C:\\xamm\\htdocs\\...', 127, Array)
#1 C:\xamm\htdocs\pkl\vendor\codeigniter4\framework\system\View\View.php(230): include('C:\\xamm\\htdocs\\...')
#2 C:\xamm\htdocs\pkl\vendor\codeigniter4\framework\system\View\View.php(232): CodeIgniter\View\View->CodeIgniter\View\{closure}()
#3 C:\xamm\htdocs\pkl\vendor\codeigniter4\framework\system\View\View.php(246): CodeIgniter\View\View->render('template/admini...', Array, true)
#4 C:\xamm\htdocs\pkl\vendor\codeigniter4\framework\system\Common.php(1271): CodeIgniter\View\View->render('index', Array, true)
#5 C:\xamm\htdocs\pkl\app\Controllers\Home.php(13): view('index')
#6 C:\xamm\htdocs\pkl\vendor\codeigniter4\framework\system\CodeIgniter.php(928): App\Controllers\Home->index()
#7 C:\xamm\htdocs\pkl\vendor\codeigniter4\framework\system\CodeIgniter.php(436): CodeIgniter\CodeIgniter->runController(Object(App\Controllers\Home))
#8 C:\xamm\htdocs\pkl\vendor\codeigniter4\framework\system\CodeIgniter.php(336): CodeIgniter\CodeIgniter->handleRequest(NULL, Object(Config\Cache), false)
#9 C:\xamm\htdocs\pkl\public\index.php(37): CodeIgniter\CodeIgniter->run()
#10 C:\xamm\htdocs\pkl\vendor\codeigniter4\framework\system\Commands\Server\rewrite.php(45): require_once('C:\\xamm\\htdocs\\...')
#11 {main}
CRITICAL - 2021-08-19 21:18:50 --> Undefined variable: value
#0 C:\xamm\htdocs\pkl\app\Views\template\administrator.php(128): CodeIgniter\Debug\Exceptions->errorHandler(8, 'Undefined varia...', 'C:\\xamm\\htdocs\\...', 128, Array)
#1 C:\xamm\htdocs\pkl\vendor\codeigniter4\framework\system\View\View.php(230): include('C:\\xamm\\htdocs\\...')
#2 C:\xamm\htdocs\pkl\vendor\codeigniter4\framework\system\View\View.php(232): CodeIgniter\View\View->CodeIgniter\View\{closure}()
#3 C:\xamm\htdocs\pkl\vendor\codeigniter4\framework\system\View\View.php(246): CodeIgniter\View\View->render('template/admini...', Array, true)
#4 C:\xamm\htdocs\pkl\vendor\codeigniter4\framework\system\Common.php(1271): CodeIgniter\View\View->render('index', Array, true)
#5 C:\xamm\htdocs\pkl\app\Controllers\Home.php(13): view('index')
#6 C:\xamm\htdocs\pkl\vendor\codeigniter4\framework\system\CodeIgniter.php(928): App\Controllers\Home->index()
#7 C:\xamm\htdocs\pkl\vendor\codeigniter4\framework\system\CodeIgniter.php(436): CodeIgniter\CodeIgniter->runController(Object(App\Controllers\Home))
#8 C:\xamm\htdocs\pkl\vendor\codeigniter4\framework\system\CodeIgniter.php(336): CodeIgniter\CodeIgniter->handleRequest(NULL, Object(Config\Cache), false)
#9 C:\xamm\htdocs\pkl\public\index.php(37): CodeIgniter\CodeIgniter->run()
#10 C:\xamm\htdocs\pkl\vendor\codeigniter4\framework\system\Commands\Server\rewrite.php(45): require_once('C:\\xamm\\htdocs\\...')
#11 {main}
CRITICAL - 2021-08-19 21:32:39 --> Undefined variable: tabel
#0 C:\xamm\htdocs\pkl\app\Views\user\tabel.php(24): CodeIgniter\Debug\Exceptions->errorHandler(8, 'Undefined varia...', 'C:\\xamm\\htdocs\\...', 24, Array)
#1 C:\xamm\htdocs\pkl\vendor\codeigniter4\framework\system\View\View.php(230): include('C:\\xamm\\htdocs\\...')
#2 C:\xamm\htdocs\pkl\vendor\codeigniter4\framework\system\View\View.php(232): CodeIgniter\View\View->CodeIgniter\View\{closure}()
#3 C:\xamm\htdocs\pkl\vendor\codeigniter4\framework\system\Common.php(1271): CodeIgniter\View\View->render('user/tabel', Array, true)
#4 C:\xamm\htdocs\pkl\app\Controllers\User.php(12): view('user/tabel')
#5 C:\xamm\htdocs\pkl\vendor\codeigniter4\framework\system\CodeIgniter.php(928): App\Controllers\User->index()
#6 C:\xamm\htdocs\pkl\vendor\codeigniter4\framework\system\CodeIgniter.php(436): CodeIgniter\CodeIgniter->runController(Object(App\Controllers\User))
#7 C:\xamm\htdocs\pkl\vendor\codeigniter4\framework\system\CodeIgniter.php(336): CodeIgniter\CodeIgniter->handleRequest(NULL, Object(Config\Cache), false)
#8 C:\xamm\htdocs\pkl\public\index.php(37): CodeIgniter\CodeIgniter->run()
#9 C:\xamm\htdocs\pkl\vendor\codeigniter4\framework\system\Commands\Server\rewrite.php(45): require_once('C:\\xamm\\htdocs\\...')
#10 {main}
CRITICAL - 2021-08-19 21:36:41 --> Undefined property: App\Controllers\User::$m_client
#0 C:\xamm\htdocs\pkl\app\Controllers\User.php(18): CodeIgniter\Debug\Exceptions->errorHandler(8, 'Undefined prope...', 'C:\\xamm\\htdocs\\...', 18, Array)
#1 C:\xamm\htdocs\pkl\vendor\codeigniter4\framework\system\CodeIgniter.php(928): App\Controllers\User->index()
#2 C:\xamm\htdocs\pkl\vendor\codeigniter4\framework\system\CodeIgniter.php(436): CodeIgniter\CodeIgniter->runController(Object(App\Controllers\User))
#3 C:\xamm\htdocs\pkl\vendor\codeigniter4\framework\system\CodeIgniter.php(336): CodeIgniter\CodeIgniter->handleRequest(NULL, Object(Config\Cache), false)
#4 C:\xamm\htdocs\pkl\public\index.php(37): CodeIgniter\CodeIgniter->run()
#5 C:\xamm\htdocs\pkl\vendor\codeigniter4\framework\system\Commands\Server\rewrite.php(45): require_once('C:\\xamm\\htdocs\\...')
#6 {main}
CRITICAL - 2021-08-19 21:37:00 --> Undefined index: password hash
#0 C:\xamm\htdocs\pkl\app\Views\user\tabel.php(28): CodeIgniter\Debug\Exceptions->errorHandler(8, 'Undefined index...', 'C:\\xamm\\htdocs\\...', 28, Array)
#1 C:\xamm\htdocs\pkl\vendor\codeigniter4\framework\system\View\View.php(230): include('C:\\xamm\\htdocs\\...')
#2 C:\xamm\htdocs\pkl\vendor\codeigniter4\framework\system\View\View.php(232): CodeIgniter\View\View->CodeIgniter\View\{closure}()
#3 C:\xamm\htdocs\pkl\vendor\codeigniter4\framework\system\Common.php(1271): CodeIgniter\View\View->render('user/tabel', Array, true)
#4 C:\xamm\htdocs\pkl\app\Controllers\User.php(23): view('user/tabel', Array)
#5 C:\xamm\htdocs\pkl\vendor\codeigniter4\framework\system\CodeIgniter.php(928): App\Controllers\User->index()
#6 C:\xamm\htdocs\pkl\vendor\codeigniter4\framework\system\CodeIgniter.php(436): CodeIgniter\CodeIgniter->runController(Object(App\Controllers\User))
#7 C:\xamm\htdocs\pkl\vendor\codeigniter4\framework\system\CodeIgniter.php(336): CodeIgniter\CodeIgniter->handleRequest(NULL, Object(Config\Cache), false)
#8 C:\xamm\htdocs\pkl\public\index.php(37): CodeIgniter\CodeIgniter->run()
#9 C:\xamm\htdocs\pkl\vendor\codeigniter4\framework\system\Commands\Server\rewrite.php(45): require_once('C:\\xamm\\htdocs\\...')
#10 {main}
CRITICAL - 2021-08-19 21:40:43 --> Undefined index: username
#0 C:\xamm\htdocs\pkl\app\Views\template\administrator.php(128): CodeIgniter\Debug\Exceptions->errorHandler(8, 'Undefined index...', 'C:\\xamm\\htdocs\\...', 128, Array)
#1 C:\xamm\htdocs\pkl\vendor\codeigniter4\framework\system\View\View.php(230): include('C:\\xamm\\htdocs\\...')
#2 C:\xamm\htdocs\pkl\vendor\codeigniter4\framework\system\View\View.php(232): CodeIgniter\View\View->CodeIgniter\View\{closure}()
#3 C:\xamm\htdocs\pkl\vendor\codeigniter4\framework\system\View\View.php(246): CodeIgniter\View\View->render('template/admini...', Array, true)
#4 C:\xamm\htdocs\pkl\vendor\codeigniter4\framework\system\Common.php(1271): CodeIgniter\View\View->render('user/tabel', Array, true)
#5 C:\xamm\htdocs\pkl\app\Controllers\User.php(23): view('user/tabel', Array)
#6 C:\xamm\htdocs\pkl\vendor\codeigniter4\framework\system\CodeIgniter.php(928): App\Controllers\User->index()
#7 C:\xamm\htdocs\pkl\vendor\codeigniter4\framework\system\CodeIgniter.php(436): CodeIgniter\CodeIgniter->runController(Object(App\Controllers\User))
#8 C:\xamm\htdocs\pkl\vendor\codeigniter4\framework\system\CodeIgniter.php(336): CodeIgniter\CodeIgniter->handleRequest(NULL, Object(Config\Cache), false)
#9 C:\xamm\htdocs\pkl\public\index.php(37): CodeIgniter\CodeIgniter->run()
#10 C:\xamm\htdocs\pkl\vendor\codeigniter4\framework\system\Commands\Server\rewrite.php(45): require_once('C:\\xamm\\htdocs\\...')
#11 {main}
CRITICAL - 2021-08-19 21:42:48 --> Undefined index: username
#0 C:\xamm\htdocs\pkl\app\Views\template\administrator.php(128): CodeIgniter\Debug\Exceptions->errorHandler(8, 'Undefined index...', 'C:\\xamm\\htdocs\\...', 128, Array)
#1 C:\xamm\htdocs\pkl\vendor\codeigniter4\framework\system\View\View.php(230): include('C:\\xamm\\htdocs\\...')
#2 C:\xamm\htdocs\pkl\vendor\codeigniter4\framework\system\View\View.php(232): CodeIgniter\View\View->CodeIgniter\View\{closure}()
#3 C:\xamm\htdocs\pkl\vendor\codeigniter4\framework\system\View\View.php(246): CodeIgniter\View\View->render('template/admini...', Array, true)
#4 C:\xamm\htdocs\pkl\vendor\codeigniter4\framework\system\Common.php(1271): CodeIgniter\View\View->render('user/tabel', Array, true)
#5 C:\xamm\htdocs\pkl\app\Controllers\User.php(23): view('user/tabel', Array)
#6 C:\xamm\htdocs\pkl\vendor\codeigniter4\framework\system\CodeIgniter.php(928): App\Controllers\User->index()
#7 C:\xamm\htdocs\pkl\vendor\codeigniter4\framework\system\CodeIgniter.php(436): CodeIgniter\CodeIgniter->runController(Object(App\Controllers\User))
#8 C:\xamm\htdocs\pkl\vendor\codeigniter4\framework\system\CodeIgniter.php(336): CodeIgniter\CodeIgniter->handleRequest(NULL, Object(Config\Cache), false)
#9 C:\xamm\htdocs\pkl\public\index.php(37): CodeIgniter\CodeIgniter->run()
#10 C:\xamm\htdocs\pkl\vendor\codeigniter4\framework\system\Commands\Server\rewrite.php(45): require_once('C:\\xamm\\htdocs\\...')
#11 {main}
CRITICAL - 2021-08-19 21:46:43 --> Undefined variable: tabelUser
#0 C:\xamm\htdocs\pkl\app\Views\template\administrator.php(128): CodeIgniter\Debug\Exceptions->errorHandler(8, 'Undefined varia...', 'C:\\xamm\\htdocs\\...', 128, Array)
#1 C:\xamm\htdocs\pkl\vendor\codeigniter4\framework\system\View\View.php(230): include('C:\\xamm\\htdocs\\...')
#2 C:\xamm\htdocs\pkl\vendor\codeigniter4\framework\system\View\View.php(232): CodeIgniter\View\View->CodeIgniter\View\{closure}()
#3 C:\xamm\htdocs\pkl\vendor\codeigniter4\framework\system\View\View.php(246): CodeIgniter\View\View->render('template/admini...', Array, true)
#4 C:\xamm\htdocs\pkl\vendor\codeigniter4\framework\system\Common.php(1271): CodeIgniter\View\View->render('client_transaks...', Array, true)
#5 C:\xamm\htdocs\pkl\app\Controllers\ClientTransaksi.php(27): view('client_transaks...', Array)
#6 C:\xamm\htdocs\pkl\vendor\codeigniter4\framework\system\CodeIgniter.php(928): App\Controllers\ClientTransaksi->index()
#7 C:\xamm\htdocs\pkl\vendor\codeigniter4\framework\system\CodeIgniter.php(436): CodeIgniter\CodeIgniter->runController(Object(App\Controllers\ClientTransaksi))
#8 C:\xamm\htdocs\pkl\vendor\codeigniter4\framework\system\CodeIgniter.php(336): CodeIgniter\CodeIgniter->handleRequest(NULL, Object(Config\Cache), false)
#9 C:\xamm\htdocs\pkl\public\index.php(37): CodeIgniter\CodeIgniter->run()
#10 C:\xamm\htdocs\pkl\vendor\codeigniter4\framework\system\Commands\Server\rewrite.php(45): require_once('C:\\xamm\\htdocs\\...')
#11 {main}
CRITICAL - 2021-08-19 21:56:15 --> Trying to get property 'username' of non-object
#0 C:\xamm\htdocs\pkl\app\Views\template\administrator.php(128): CodeIgniter\Debug\Exceptions->errorHandler(8, 'Trying to get p...', 'C:\\xamm\\htdocs\\...', 128, Array)
#1 C:\xamm\htdocs\pkl\vendor\codeigniter4\framework\system\View\View.php(230): include('C:\\xamm\\htdocs\\...')
#2 C:\xamm\htdocs\pkl\vendor\codeigniter4\framework\system\View\View.php(232): CodeIgniter\View\View->CodeIgniter\View\{closure}()
#3 C:\xamm\htdocs\pkl\vendor\codeigniter4\framework\system\View\View.php(246): CodeIgniter\View\View->render('template/admini...', Array, true)
#4 C:\xamm\htdocs\pkl\vendor\codeigniter4\framework\system\Common.php(1271): CodeIgniter\View\View->render('index', Array, true)
#5 C:\xamm\htdocs\pkl\app\Controllers\Home.php(13): view('index')
#6 C:\xamm\htdocs\pkl\vendor\codeigniter4\framework\system\CodeIgniter.php(928): App\Controllers\Home->index()
#7 C:\xamm\htdocs\pkl\vendor\codeigniter4\framework\system\CodeIgniter.php(436): CodeIgniter\CodeIgniter->runController(Object(App\Controllers\Home))
#8 C:\xamm\htdocs\pkl\vendor\codeigniter4\framework\system\CodeIgniter.php(336): CodeIgniter\CodeIgniter->handleRequest(NULL, Object(Config\Cache), false)
#9 C:\xamm\htdocs\pkl\public\index.php(37): CodeIgniter\CodeIgniter->run()
#10 C:\xamm\htdocs\pkl\vendor\codeigniter4\framework\system\Commands\Server\rewrite.php(45): require_once('C:\\xamm\\htdocs\\...')
#11 {main}
CRITICAL - 2021-08-19 23:03:15 --> require is not a valid rule.
#0 C:\xamm\htdocs\pkl\vendor\codeigniter4\framework\system\Validation\Validation.php(321): CodeIgniter\Validation\Exceptions\ValidationException::forRuleNotFound('require')
#1 C:\xamm\htdocs\pkl\vendor\codeigniter4\framework\system\Validation\Validation.php(159): CodeIgniter\Validation\Validation->processRules('client_kode', 'client_kode', 'h2so4', Array, Array)
#2 C:\xamm\htdocs\pkl\vendor\codeigniter4\framework\system\Controller.php(183): CodeIgniter\Validation\Validation->run()
#3 C:\xamm\htdocs\pkl\app\Controllers\Client.php(33): CodeIgniter\Controller->validate(Array)
#4 C:\xamm\htdocs\pkl\vendor\codeigniter4\framework\system\CodeIgniter.php(928): App\Controllers\client->save()
#5 C:\xamm\htdocs\pkl\vendor\codeigniter4\framework\system\CodeIgniter.php(436): CodeIgniter\CodeIgniter->runController(Object(App\Controllers\client))
#6 C:\xamm\htdocs\pkl\vendor\codeigniter4\framework\system\CodeIgniter.php(336): CodeIgniter\CodeIgniter->handleRequest(NULL, Object(Config\Cache), false)
#7 C:\xamm\htdocs\pkl\public\index.php(37): CodeIgniter\CodeIgniter->run()
#8 C:\xamm\htdocs\pkl\vendor\codeigniter4\framework\system\Commands\Server\rewrite.php(45): require_once('C:\\xamm\\htdocs\\...')
#9 {main}
ERROR - 2021-08-19 23:03:58 --> Table 'gull.tabel' doesn't exist
CRITICAL - 2021-08-19 23:03:58 --> Table 'gull.tabel' doesn't exist
#0 C:\xamm\htdocs\pkl\vendor\codeigniter4\framework\system\Database\MySQLi\Connection.php(329): mysqli->query('SELECT 1\nFROM `...')
#1 C:\xamm\htdocs\pkl\vendor\codeigniter4\framework\system\Database\BaseConnection.php(732): CodeIgniter\Database\MySQLi\Connection->execute('SELECT 1\nFROM `...')
#2 C:\xamm\htdocs\pkl\vendor\codeigniter4\framework\system\Database\BaseConnection.php(647): CodeIgniter\Database\BaseConnection->simpleQuery('SELECT 1\nFROM `...')
#3 C:\xamm\htdocs\pkl\vendor\codeigniter4\framework\system\Database\BaseBuilder.php(1881): CodeIgniter\Database\BaseConnection->query('SELECT 1\nFROM `...', Array, false)
#4 C:\xamm\htdocs\pkl\vendor\codeigniter4\framework\system\Validation\Rules.php(206): CodeIgniter\Database\BaseBuilder->get()
#5 C:\xamm\htdocs\pkl\vendor\codeigniter4\framework\system\Validation\Validation.php(312): CodeIgniter\Validation\Rules->is_unique('h2so4', 'client_kode', Array, NULL)
#6 C:\xamm\htdocs\pkl\vendor\codeigniter4\framework\system\Validation\Validation.php(159): CodeIgniter\Validation\Validation->processRules('client_kode', 'client_kode', 'h2so4', Array, Array)
#7 C:\xamm\htdocs\pkl\vendor\codeigniter4\framework\system\Controller.php(183): CodeIgniter\Validation\Validation->run()
#8 C:\xamm\htdocs\pkl\app\Controllers\Client.php(33): CodeIgniter\Controller->validate(Array)
#9 C:\xamm\htdocs\pkl\vendor\codeigniter4\framework\system\CodeIgniter.php(928): App\Controllers\client->save()
#10 C:\xamm\htdocs\pkl\vendor\codeigniter4\framework\system\CodeIgniter.php(436): CodeIgniter\CodeIgniter->runController(Object(App\Controllers\client))
#11 C:\xamm\htdocs\pkl\vendor\codeigniter4\framework\system\CodeIgniter.php(336): CodeIgniter\CodeIgniter->handleRequest(NULL, Object(Config\Cache), false)
#12 C:\xamm\htdocs\pkl\public\index.php(37): CodeIgniter\CodeIgniter->run()
#13 C:\xamm\htdocs\pkl\vendor\codeigniter4\framework\system\Commands\Server\rewrite.php(45): require_once('C:\\xamm\\htdocs\\...')
#14 {main}
