CRITICAL - 2021-08-15 21:25:19 --> Undefined variable: tabel
#0 C:\xamm\htdocs\pkl\app\Views\client_transaksi\formjual.php(21): CodeIgniter\Debug\Exceptions->errorHandler(8, 'Undefined varia...', 'C:\\xamm\\htdocs\\...', 21, Array)
#1 C:\xamm\htdocs\pkl\vendor\codeigniter4\framework\system\View\View.php(230): include('C:\\xamm\\htdocs\\...')
#2 C:\xamm\htdocs\pkl\vendor\codeigniter4\framework\system\View\View.php(232): CodeIgniter\View\View->CodeIgniter\View\{closure}()
#3 C:\xamm\htdocs\pkl\vendor\codeigniter4\framework\system\Common.php(1271): CodeIgniter\View\View->render('client_transaks...', Array, true)
#4 C:\xamm\htdocs\pkl\app\Controllers\Client.php(82): view('client_transaks...')
#5 C:\xamm\htdocs\pkl\vendor\codeigniter4\framework\system\CodeIgniter.php(928): App\Controllers\client->transaksi('16')
#6 C:\xamm\htdocs\pkl\vendor\codeigniter4\framework\system\CodeIgniter.php(436): CodeIgniter\CodeIgniter->runController(Object(App\Controllers\client))
#7 C:\xamm\htdocs\pkl\vendor\codeigniter4\framework\system\CodeIgniter.php(336): CodeIgniter\CodeIgniter->handleRequest(NULL, Object(Config\Cache), false)
#8 C:\xamm\htdocs\pkl\public\index.php(37): CodeIgniter\CodeIgniter->run()
#9 C:\xamm\htdocs\pkl\vendor\codeigniter4\framework\system\Commands\Server\rewrite.php(45): require_once('C:\\xamm\\htdocs\\...')
#10 {main}
CRITICAL - 2021-08-15 21:28:27 --> Undefined variable: tabel
#0 C:\xamm\htdocs\pkl\app\Views\client_transaksi\formjual.php(21): CodeIgniter\Debug\Exceptions->errorHandler(8, 'Undefined varia...', 'C:\\xamm\\htdocs\\...', 21, Array)
#1 C:\xamm\htdocs\pkl\vendor\codeigniter4\framework\system\View\View.php(230): include('C:\\xamm\\htdocs\\...')
#2 C:\xamm\htdocs\pkl\vendor\codeigniter4\framework\system\View\View.php(232): CodeIgniter\View\View->CodeIgniter\View\{closure}()
#3 C:\xamm\htdocs\pkl\vendor\codeigniter4\framework\system\Common.php(1271): CodeIgniter\View\View->render('client_transaks...', Array, true)
#4 C:\xamm\htdocs\pkl\app\Controllers\Client.php(82): view('client_transaks...')
#5 C:\xamm\htdocs\pkl\vendor\codeigniter4\framework\system\CodeIgniter.php(928): App\Controllers\client->transaksi('8')
#6 C:\xamm\htdocs\pkl\vendor\codeigniter4\framework\system\CodeIgniter.php(436): CodeIgniter\CodeIgniter->runController(Object(App\Controllers\client))
#7 C:\xamm\htdocs\pkl\vendor\codeigniter4\framework\system\CodeIgniter.php(336): CodeIgniter\CodeIgniter->handleRequest(NULL, Object(Config\Cache), false)
#8 C:\xamm\htdocs\pkl\public\index.php(37): CodeIgniter\CodeIgniter->run()
#9 C:\xamm\htdocs\pkl\vendor\codeigniter4\framework\system\Commands\Server\rewrite.php(45): require_once('C:\\xamm\\htdocs\\...')
#10 {main}
CRITICAL - 2021-08-15 21:30:05 --> Undefined variable: tabel
#0 C:\xamm\htdocs\pkl\app\Views\client_transaksi\formjual.php(5): CodeIgniter\Debug\Exceptions->errorHandler(8, 'Undefined varia...', 'C:\\xamm\\htdocs\\...', 5, Array)
#1 C:\xamm\htdocs\pkl\vendor\codeigniter4\framework\system\View\View.php(230): include('C:\\xamm\\htdocs\\...')
#2 C:\xamm\htdocs\pkl\vendor\codeigniter4\framework\system\View\View.php(232): CodeIgniter\View\View->CodeIgniter\View\{closure}()
#3 C:\xamm\htdocs\pkl\vendor\codeigniter4\framework\system\Common.php(1271): CodeIgniter\View\View->render('client_transaks...', Array, true)
#4 C:\xamm\htdocs\pkl\app\Controllers\Client.php(82): view('client_transaks...')
#5 C:\xamm\htdocs\pkl\vendor\codeigniter4\framework\system\CodeIgniter.php(928): App\Controllers\client->transaksi('8')
#6 C:\xamm\htdocs\pkl\vendor\codeigniter4\framework\system\CodeIgniter.php(436): CodeIgniter\CodeIgniter->runController(Object(App\Controllers\client))
#7 C:\xamm\htdocs\pkl\vendor\codeigniter4\framework\system\CodeIgniter.php(336): CodeIgniter\CodeIgniter->handleRequest(NULL, Object(Config\Cache), false)
#8 C:\xamm\htdocs\pkl\public\index.php(37): CodeIgniter\CodeIgniter->run()
#9 C:\xamm\htdocs\pkl\vendor\codeigniter4\framework\system\Commands\Server\rewrite.php(45): require_once('C:\\xamm\\htdocs\\...')
#10 {main}
CRITICAL - 2021-08-15 22:02:11 --> Undefined index: client_wa
#0 C:\xamm\htdocs\pkl\app\Views\client_transaksi\formjual.php(29): CodeIgniter\Debug\Exceptions->errorHandler(8, 'Undefined index...', 'C:\\xamm\\htdocs\\...', 29, Array)
#1 C:\xamm\htdocs\pkl\vendor\codeigniter4\framework\system\View\View.php(230): include('C:\\xamm\\htdocs\\...')
#2 C:\xamm\htdocs\pkl\vendor\codeigniter4\framework\system\View\View.php(232): CodeIgniter\View\View->CodeIgniter\View\{closure}()
#3 C:\xamm\htdocs\pkl\vendor\codeigniter4\framework\system\Common.php(1271): CodeIgniter\View\View->render('client_transaks...', Array, true)
#4 C:\xamm\htdocs\pkl\app\Controllers\Client.php(85): view('client_transaks...', Array)
#5 C:\xamm\htdocs\pkl\vendor\codeigniter4\framework\system\CodeIgniter.php(928): App\Controllers\client->transaksi('8')
#6 C:\xamm\htdocs\pkl\vendor\codeigniter4\framework\system\CodeIgniter.php(436): CodeIgniter\CodeIgniter->runController(Object(App\Controllers\client))
#7 C:\xamm\htdocs\pkl\vendor\codeigniter4\framework\system\CodeIgniter.php(336): CodeIgniter\CodeIgniter->handleRequest(NULL, Object(Config\Cache), false)
#8 C:\xamm\htdocs\pkl\public\index.php(37): CodeIgniter\CodeIgniter->run()
#9 C:\xamm\htdocs\pkl\vendor\codeigniter4\framework\system\Commands\Server\rewrite.php(45): require_once('C:\\xamm\\htdocs\\...')
#10 {main}
CRITICAL - 2021-08-15 22:20:23 --> `App\Models\M_setting` model class does not specify a Primary Key.
#0 C:\xamm\htdocs\pkl\vendor\codeigniter4\framework\system\Model.php(591): CodeIgniter\Exceptions\ModelException::forNoPrimaryKey('App\\Models\\M_se...')
#1 C:\xamm\htdocs\pkl\vendor\codeigniter4\framework\system\Model.php(251): CodeIgniter\Model->builder()
#2 C:\xamm\htdocs\pkl\vendor\codeigniter4\framework\system\BaseModel.php(774): CodeIgniter\Model->doInsert(Array)
#3 C:\xamm\htdocs\pkl\vendor\codeigniter4\framework\system\Model.php(686): CodeIgniter\BaseModel->insert(Array, false)
#4 C:\xamm\htdocs\pkl\vendor\codeigniter4\framework\system\BaseModel.php(687): CodeIgniter\Model->insert(Array, false)
#5 C:\xamm\htdocs\pkl\app\Controllers\ClientTransaksi.php(41): CodeIgniter\BaseModel->save(Array)
#6 C:\xamm\htdocs\pkl\vendor\codeigniter4\framework\system\CodeIgniter.php(928): App\Controllers\ClientTransaksi->ctransaksi('8')
#7 C:\xamm\htdocs\pkl\vendor\codeigniter4\framework\system\CodeIgniter.php(436): CodeIgniter\CodeIgniter->runController(Object(App\Controllers\ClientTransaksi))
#8 C:\xamm\htdocs\pkl\vendor\codeigniter4\framework\system\CodeIgniter.php(336): CodeIgniter\CodeIgniter->handleRequest(NULL, Object(Config\Cache), false)
#9 C:\xamm\htdocs\pkl\public\index.php(37): CodeIgniter\CodeIgniter->run()
#10 C:\xamm\htdocs\pkl\vendor\codeigniter4\framework\system\Commands\Server\rewrite.php(45): require_once('C:\\xamm\\htdocs\\...')
#11 {main}
CRITICAL - 2021-08-15 22:24:08 --> There is no primary key defined when trying to make insert.
#0 C:\xamm\htdocs\pkl\vendor\codeigniter4\framework\system\Model.php(248): CodeIgniter\Database\Exceptions\DataException::forEmptyPrimaryKey('insert')
#1 C:\xamm\htdocs\pkl\vendor\codeigniter4\framework\system\BaseModel.php(774): CodeIgniter\Model->doInsert(Array)
#2 C:\xamm\htdocs\pkl\vendor\codeigniter4\framework\system\Model.php(686): CodeIgniter\BaseModel->insert(Array, false)
#3 C:\xamm\htdocs\pkl\vendor\codeigniter4\framework\system\BaseModel.php(687): CodeIgniter\Model->insert(Array, false)
#4 C:\xamm\htdocs\pkl\app\Controllers\ClientTransaksi.php(41): CodeIgniter\BaseModel->save(Array)
#5 C:\xamm\htdocs\pkl\vendor\codeigniter4\framework\system\CodeIgniter.php(928): App\Controllers\ClientTransaksi->ctransaksi('8')
#6 C:\xamm\htdocs\pkl\vendor\codeigniter4\framework\system\CodeIgniter.php(436): CodeIgniter\CodeIgniter->runController(Object(App\Controllers\ClientTransaksi))
#7 C:\xamm\htdocs\pkl\vendor\codeigniter4\framework\system\CodeIgniter.php(336): CodeIgniter\CodeIgniter->handleRequest(NULL, Object(Config\Cache), false)
#8 C:\xamm\htdocs\pkl\public\index.php(37): CodeIgniter\CodeIgniter->run()
#9 C:\xamm\htdocs\pkl\vendor\codeigniter4\framework\system\Commands\Server\rewrite.php(45): require_once('C:\\xamm\\htdocs\\...')
#10 {main}
ERROR - 2021-08-15 22:40:34 --> Unknown column 'created_at' in 'field list'
CRITICAL - 2021-08-15 22:40:34 --> Unknown column 'created_at' in 'field list'
#0 C:\xamm\htdocs\pkl\vendor\codeigniter4\framework\system\Database\MySQLi\Connection.php(329): mysqli->query('INSERT INTO `se...')
#1 C:\xamm\htdocs\pkl\vendor\codeigniter4\framework\system\Database\BaseConnection.php(732): CodeIgniter\Database\MySQLi\Connection->execute('INSERT INTO `se...')
#2 C:\xamm\htdocs\pkl\vendor\codeigniter4\framework\system\Database\BaseConnection.php(647): CodeIgniter\Database\BaseConnection->simpleQuery('INSERT INTO `se...')
#3 C:\xamm\htdocs\pkl\vendor\codeigniter4\framework\system\Database\BaseBuilder.php(2277): CodeIgniter\Database\BaseConnection->query('INSERT INTO `se...', Array, false)
#4 C:\xamm\htdocs\pkl\vendor\codeigniter4\framework\system\Model.php(259): CodeIgniter\Database\BaseBuilder->insert()
#5 C:\xamm\htdocs\pkl\vendor\codeigniter4\framework\system\BaseModel.php(774): CodeIgniter\Model->doInsert(Array)
#6 C:\xamm\htdocs\pkl\vendor\codeigniter4\framework\system\Model.php(686): CodeIgniter\BaseModel->insert(Array, false)
#7 C:\xamm\htdocs\pkl\vendor\codeigniter4\framework\system\BaseModel.php(687): CodeIgniter\Model->insert(Array, false)
#8 C:\xamm\htdocs\pkl\app\Controllers\ClientTransaksi.php(41): CodeIgniter\BaseModel->save(Array)
#9 C:\xamm\htdocs\pkl\vendor\codeigniter4\framework\system\CodeIgniter.php(928): App\Controllers\ClientTransaksi->ctransaksi('8')
#10 C:\xamm\htdocs\pkl\vendor\codeigniter4\framework\system\CodeIgniter.php(436): CodeIgniter\CodeIgniter->runController(Object(App\Controllers\ClientTransaksi))
#11 C:\xamm\htdocs\pkl\vendor\codeigniter4\framework\system\CodeIgniter.php(336): CodeIgniter\CodeIgniter->handleRequest(NULL, Object(Config\Cache), false)
#12 C:\xamm\htdocs\pkl\public\index.php(37): CodeIgniter\CodeIgniter->run()
#13 C:\xamm\htdocs\pkl\vendor\codeigniter4\framework\system\Commands\Server\rewrite.php(45): require_once('C:\\xamm\\htdocs\\...')
#14 {main}
ERROR - 2021-08-15 22:42:35 --> Unknown column 'created_at' in 'field list'
CRITICAL - 2021-08-15 22:42:35 --> Unknown column 'created_at' in 'field list'
#0 C:\xamm\htdocs\pkl\vendor\codeigniter4\framework\system\Database\MySQLi\Connection.php(329): mysqli->query('INSERT INTO `se...')
#1 C:\xamm\htdocs\pkl\vendor\codeigniter4\framework\system\Database\BaseConnection.php(732): CodeIgniter\Database\MySQLi\Connection->execute('INSERT INTO `se...')
#2 C:\xamm\htdocs\pkl\vendor\codeigniter4\framework\system\Database\BaseConnection.php(647): CodeIgniter\Database\BaseConnection->simpleQuery('INSERT INTO `se...')
#3 C:\xamm\htdocs\pkl\vendor\codeigniter4\framework\system\Database\BaseBuilder.php(2277): CodeIgniter\Database\BaseConnection->query('INSERT INTO `se...', Array, false)
#4 C:\xamm\htdocs\pkl\vendor\codeigniter4\framework\system\Model.php(259): CodeIgniter\Database\BaseBuilder->insert()
#5 C:\xamm\htdocs\pkl\vendor\codeigniter4\framework\system\BaseModel.php(774): CodeIgniter\Model->doInsert(Array)
#6 C:\xamm\htdocs\pkl\vendor\codeigniter4\framework\system\Model.php(686): CodeIgniter\BaseModel->insert(Array, false)
#7 C:\xamm\htdocs\pkl\vendor\codeigniter4\framework\system\BaseModel.php(687): CodeIgniter\Model->insert(Array, false)
#8 C:\xamm\htdocs\pkl\app\Controllers\ClientTransaksi.php(41): CodeIgniter\BaseModel->save(Array)
#9 C:\xamm\htdocs\pkl\vendor\codeigniter4\framework\system\CodeIgniter.php(928): App\Controllers\ClientTransaksi->ctransaksi('8')
#10 C:\xamm\htdocs\pkl\vendor\codeigniter4\framework\system\CodeIgniter.php(436): CodeIgniter\CodeIgniter->runController(Object(App\Controllers\ClientTransaksi))
#11 C:\xamm\htdocs\pkl\vendor\codeigniter4\framework\system\CodeIgniter.php(336): CodeIgniter\CodeIgniter->handleRequest(NULL, Object(Config\Cache), false)
#12 C:\xamm\htdocs\pkl\public\index.php(37): CodeIgniter\CodeIgniter->run()
#13 C:\xamm\htdocs\pkl\vendor\codeigniter4\framework\system\Commands\Server\rewrite.php(45): require_once('C:\\xamm\\htdocs\\...')
#14 {main}
ERROR - 2021-08-15 22:42:38 --> Unknown column 'created_at' in 'field list'
CRITICAL - 2021-08-15 22:42:38 --> Unknown column 'created_at' in 'field list'
#0 C:\xamm\htdocs\pkl\vendor\codeigniter4\framework\system\Database\MySQLi\Connection.php(329): mysqli->query('INSERT INTO `se...')
#1 C:\xamm\htdocs\pkl\vendor\codeigniter4\framework\system\Database\BaseConnection.php(732): CodeIgniter\Database\MySQLi\Connection->execute('INSERT INTO `se...')
#2 C:\xamm\htdocs\pkl\vendor\codeigniter4\framework\system\Database\BaseConnection.php(647): CodeIgniter\Database\BaseConnection->simpleQuery('INSERT INTO `se...')
#3 C:\xamm\htdocs\pkl\vendor\codeigniter4\framework\system\Database\BaseBuilder.php(2277): CodeIgniter\Database\BaseConnection->query('INSERT INTO `se...', Array, false)
#4 C:\xamm\htdocs\pkl\vendor\codeigniter4\framework\system\Model.php(259): CodeIgniter\Database\BaseBuilder->insert()
#5 C:\xamm\htdocs\pkl\vendor\codeigniter4\framework\system\BaseModel.php(774): CodeIgniter\Model->doInsert(Array)
#6 C:\xamm\htdocs\pkl\vendor\codeigniter4\framework\system\Model.php(686): CodeIgniter\BaseModel->insert(Array, false)
#7 C:\xamm\htdocs\pkl\vendor\codeigniter4\framework\system\BaseModel.php(687): CodeIgniter\Model->insert(Array, false)
#8 C:\xamm\htdocs\pkl\app\Controllers\ClientTransaksi.php(41): CodeIgniter\BaseModel->save(Array)
#9 C:\xamm\htdocs\pkl\vendor\codeigniter4\framework\system\CodeIgniter.php(928): App\Controllers\ClientTransaksi->ctransaksi('8')
#10 C:\xamm\htdocs\pkl\vendor\codeigniter4\framework\system\CodeIgniter.php(436): CodeIgniter\CodeIgniter->runController(Object(App\Controllers\ClientTransaksi))
#11 C:\xamm\htdocs\pkl\vendor\codeigniter4\framework\system\CodeIgniter.php(336): CodeIgniter\CodeIgniter->handleRequest(NULL, Object(Config\Cache), false)
#12 C:\xamm\htdocs\pkl\public\index.php(37): CodeIgniter\CodeIgniter->run()
#13 C:\xamm\htdocs\pkl\vendor\codeigniter4\framework\system\Commands\Server\rewrite.php(45): require_once('C:\\xamm\\htdocs\\...')
#14 {main}
ERROR - 2021-08-15 22:47:03 --> Unknown column 'created_at' in 'field list'
CRITICAL - 2021-08-15 22:47:03 --> Unknown column 'created_at' in 'field list'
#0 C:\xamm\htdocs\pkl\vendor\codeigniter4\framework\system\Database\MySQLi\Connection.php(329): mysqli->query('INSERT INTO `se...')
#1 C:\xamm\htdocs\pkl\vendor\codeigniter4\framework\system\Database\BaseConnection.php(732): CodeIgniter\Database\MySQLi\Connection->execute('INSERT INTO `se...')
#2 C:\xamm\htdocs\pkl\vendor\codeigniter4\framework\system\Database\BaseConnection.php(647): CodeIgniter\Database\BaseConnection->simpleQuery('INSERT INTO `se...')
#3 C:\xamm\htdocs\pkl\vendor\codeigniter4\framework\system\Database\BaseBuilder.php(2277): CodeIgniter\Database\BaseConnection->query('INSERT INTO `se...', Array, false)
#4 C:\xamm\htdocs\pkl\vendor\codeigniter4\framework\system\Model.php(259): CodeIgniter\Database\BaseBuilder->insert()
#5 C:\xamm\htdocs\pkl\vendor\codeigniter4\framework\system\BaseModel.php(774): CodeIgniter\Model->doInsert(Array)
#6 C:\xamm\htdocs\pkl\vendor\codeigniter4\framework\system\Model.php(686): CodeIgniter\BaseModel->insert(Array, false)
#7 C:\xamm\htdocs\pkl\vendor\codeigniter4\framework\system\BaseModel.php(687): CodeIgniter\Model->insert(Array, false)
#8 C:\xamm\htdocs\pkl\app\Controllers\ClientTransaksi.php(41): CodeIgniter\BaseModel->save(Array)
#9 C:\xamm\htdocs\pkl\vendor\codeigniter4\framework\system\CodeIgniter.php(928): App\Controllers\ClientTransaksi->ctransaksi('8')
#10 C:\xamm\htdocs\pkl\vendor\codeigniter4\framework\system\CodeIgniter.php(436): CodeIgniter\CodeIgniter->runController(Object(App\Controllers\ClientTransaksi))
#11 C:\xamm\htdocs\pkl\vendor\codeigniter4\framework\system\CodeIgniter.php(336): CodeIgniter\CodeIgniter->handleRequest(NULL, Object(Config\Cache), false)
#12 C:\xamm\htdocs\pkl\public\index.php(37): CodeIgniter\CodeIgniter->run()
#13 C:\xamm\htdocs\pkl\vendor\codeigniter4\framework\system\Commands\Server\rewrite.php(45): require_once('C:\\xamm\\htdocs\\...')
#14 {main}
ERROR - 2021-08-15 22:48:31 --> Unknown column 'created_at' in 'field list'
CRITICAL - 2021-08-15 22:48:31 --> Unknown column 'created_at' in 'field list'
#0 C:\xamm\htdocs\pkl\vendor\codeigniter4\framework\system\Database\MySQLi\Connection.php(329): mysqli->query('INSERT INTO `se...')
#1 C:\xamm\htdocs\pkl\vendor\codeigniter4\framework\system\Database\BaseConnection.php(732): CodeIgniter\Database\MySQLi\Connection->execute('INSERT INTO `se...')
#2 C:\xamm\htdocs\pkl\vendor\codeigniter4\framework\system\Database\BaseConnection.php(647): CodeIgniter\Database\BaseConnection->simpleQuery('INSERT INTO `se...')
#3 C:\xamm\htdocs\pkl\vendor\codeigniter4\framework\system\Database\BaseBuilder.php(2277): CodeIgniter\Database\BaseConnection->query('INSERT INTO `se...', Array, false)
#4 C:\xamm\htdocs\pkl\vendor\codeigniter4\framework\system\Model.php(259): CodeIgniter\Database\BaseBuilder->insert()
#5 C:\xamm\htdocs\pkl\vendor\codeigniter4\framework\system\BaseModel.php(774): CodeIgniter\Model->doInsert(Array)
#6 C:\xamm\htdocs\pkl\vendor\codeigniter4\framework\system\Model.php(686): CodeIgniter\BaseModel->insert(Array, false)
#7 C:\xamm\htdocs\pkl\vendor\codeigniter4\framework\system\BaseModel.php(687): CodeIgniter\Model->insert(Array, false)
#8 C:\xamm\htdocs\pkl\app\Controllers\ClientTransaksi.php(41): CodeIgniter\BaseModel->save(Array)
#9 C:\xamm\htdocs\pkl\vendor\codeigniter4\framework\system\CodeIgniter.php(928): App\Controllers\ClientTransaksi->ctransaksi('8')
#10 C:\xamm\htdocs\pkl\vendor\codeigniter4\framework\system\CodeIgniter.php(436): CodeIgniter\CodeIgniter->runController(Object(App\Controllers\ClientTransaksi))
#11 C:\xamm\htdocs\pkl\vendor\codeigniter4\framework\system\CodeIgniter.php(336): CodeIgniter\CodeIgniter->handleRequest(NULL, Object(Config\Cache), false)
#12 C:\xamm\htdocs\pkl\public\index.php(37): CodeIgniter\CodeIgniter->run()
#13 C:\xamm\htdocs\pkl\vendor\codeigniter4\framework\system\Commands\Server\rewrite.php(45): require_once('C:\\xamm\\htdocs\\...')
#14 {main}
ERROR - 2021-08-15 22:53:21 --> Unknown column 'created_at' in 'field list'
CRITICAL - 2021-08-15 22:53:21 --> Unknown column 'created_at' in 'field list'
#0 C:\xamm\htdocs\pkl\vendor\codeigniter4\framework\system\Database\MySQLi\Connection.php(329): mysqli->query('INSERT INTO `se...')
#1 C:\xamm\htdocs\pkl\vendor\codeigniter4\framework\system\Database\BaseConnection.php(732): CodeIgniter\Database\MySQLi\Connection->execute('INSERT INTO `se...')
#2 C:\xamm\htdocs\pkl\vendor\codeigniter4\framework\system\Database\BaseConnection.php(647): CodeIgniter\Database\BaseConnection->simpleQuery('INSERT INTO `se...')
#3 C:\xamm\htdocs\pkl\vendor\codeigniter4\framework\system\Database\BaseBuilder.php(2277): CodeIgniter\Database\BaseConnection->query('INSERT INTO `se...', Array, false)
#4 C:\xamm\htdocs\pkl\vendor\codeigniter4\framework\system\Model.php(259): CodeIgniter\Database\BaseBuilder->insert()
#5 C:\xamm\htdocs\pkl\vendor\codeigniter4\framework\system\BaseModel.php(774): CodeIgniter\Model->doInsert(Array)
#6 C:\xamm\htdocs\pkl\vendor\codeigniter4\framework\system\Model.php(686): CodeIgniter\BaseModel->insert(Array, false)
#7 C:\xamm\htdocs\pkl\vendor\codeigniter4\framework\system\BaseModel.php(687): CodeIgniter\Model->insert(Array, false)
#8 C:\xamm\htdocs\pkl\app\Controllers\ClientTransaksi.php(41): CodeIgniter\BaseModel->save(Array)
#9 C:\xamm\htdocs\pkl\vendor\codeigniter4\framework\system\CodeIgniter.php(928): App\Controllers\ClientTransaksi->ctransaksi('8')
#10 C:\xamm\htdocs\pkl\vendor\codeigniter4\framework\system\CodeIgniter.php(436): CodeIgniter\CodeIgniter->runController(Object(App\Controllers\ClientTransaksi))
#11 C:\xamm\htdocs\pkl\vendor\codeigniter4\framework\system\CodeIgniter.php(336): CodeIgniter\CodeIgniter->handleRequest(NULL, Object(Config\Cache), false)
#12 C:\xamm\htdocs\pkl\public\index.php(37): CodeIgniter\CodeIgniter->run()
#13 C:\xamm\htdocs\pkl\vendor\codeigniter4\framework\system\Commands\Server\rewrite.php(45): require_once('C:\\xamm\\htdocs\\...')
#14 {main}
ERROR - 2021-08-15 22:56:42 --> Unknown column 'created_at' in 'field list'
CRITICAL - 2021-08-15 22:56:42 --> Unknown column 'created_at' in 'field list'
#0 C:\xamm\htdocs\pkl\vendor\codeigniter4\framework\system\Database\MySQLi\Connection.php(329): mysqli->query('INSERT INTO `se...')
#1 C:\xamm\htdocs\pkl\vendor\codeigniter4\framework\system\Database\BaseConnection.php(732): CodeIgniter\Database\MySQLi\Connection->execute('INSERT INTO `se...')
#2 C:\xamm\htdocs\pkl\vendor\codeigniter4\framework\system\Database\BaseConnection.php(647): CodeIgniter\Database\BaseConnection->simpleQuery('INSERT INTO `se...')
#3 C:\xamm\htdocs\pkl\vendor\codeigniter4\framework\system\Database\BaseBuilder.php(2277): CodeIgniter\Database\BaseConnection->query('INSERT INTO `se...', Array, false)
#4 C:\xamm\htdocs\pkl\vendor\codeigniter4\framework\system\Model.php(259): CodeIgniter\Database\BaseBuilder->insert()
#5 C:\xamm\htdocs\pkl\vendor\codeigniter4\framework\system\BaseModel.php(774): CodeIgniter\Model->doInsert(Array)
#6 C:\xamm\htdocs\pkl\vendor\codeigniter4\framework\system\Model.php(686): CodeIgniter\BaseModel->insert(Array, false)
#7 C:\xamm\htdocs\pkl\vendor\codeigniter4\framework\system\BaseModel.php(687): CodeIgniter\Model->insert(Array, false)
#8 C:\xamm\htdocs\pkl\app\Controllers\ClientTransaksi.php(41): CodeIgniter\BaseModel->save(Array)
#9 C:\xamm\htdocs\pkl\vendor\codeigniter4\framework\system\CodeIgniter.php(928): App\Controllers\ClientTransaksi->ctransaksi('8')
#10 C:\xamm\htdocs\pkl\vendor\codeigniter4\framework\system\CodeIgniter.php(436): CodeIgniter\CodeIgniter->runController(Object(App\Controllers\ClientTransaksi))
#11 C:\xamm\htdocs\pkl\vendor\codeigniter4\framework\system\CodeIgniter.php(336): CodeIgniter\CodeIgniter->handleRequest(NULL, Object(Config\Cache), false)
#12 C:\xamm\htdocs\pkl\public\index.php(37): CodeIgniter\CodeIgniter->run()
#13 C:\xamm\htdocs\pkl\vendor\codeigniter4\framework\system\Commands\Server\rewrite.php(45): require_once('C:\\xamm\\htdocs\\...')
#14 {main}
ERROR - 2021-08-15 23:15:26 --> Unknown column 'created_time' in 'field list'
CRITICAL - 2021-08-15 23:15:26 --> Unknown column 'created_time' in 'field list'
#0 C:\xamm\htdocs\pkl\vendor\codeigniter4\framework\system\Database\MySQLi\Connection.php(329): mysqli->query('INSERT INTO `se...')
#1 C:\xamm\htdocs\pkl\vendor\codeigniter4\framework\system\Database\BaseConnection.php(732): CodeIgniter\Database\MySQLi\Connection->execute('INSERT INTO `se...')
#2 C:\xamm\htdocs\pkl\vendor\codeigniter4\framework\system\Database\BaseConnection.php(647): CodeIgniter\Database\BaseConnection->simpleQuery('INSERT INTO `se...')
#3 C:\xamm\htdocs\pkl\vendor\codeigniter4\framework\system\Database\BaseBuilder.php(2277): CodeIgniter\Database\BaseConnection->query('INSERT INTO `se...', Array, false)
#4 C:\xamm\htdocs\pkl\vendor\codeigniter4\framework\system\Model.php(259): CodeIgniter\Database\BaseBuilder->insert()
#5 C:\xamm\htdocs\pkl\vendor\codeigniter4\framework\system\BaseModel.php(774): CodeIgniter\Model->doInsert(Array)
#6 C:\xamm\htdocs\pkl\vendor\codeigniter4\framework\system\Model.php(686): CodeIgniter\BaseModel->insert(Array, false)
#7 C:\xamm\htdocs\pkl\vendor\codeigniter4\framework\system\BaseModel.php(687): CodeIgniter\Model->insert(Array, false)
#8 C:\xamm\htdocs\pkl\app\Controllers\ClientTransaksi.php(41): CodeIgniter\BaseModel->save(Array)
#9 C:\xamm\htdocs\pkl\vendor\codeigniter4\framework\system\CodeIgniter.php(928): App\Controllers\ClientTransaksi->ctransaksi('8')
#10 C:\xamm\htdocs\pkl\vendor\codeigniter4\framework\system\CodeIgniter.php(436): CodeIgniter\CodeIgniter->runController(Object(App\Controllers\ClientTransaksi))
#11 C:\xamm\htdocs\pkl\vendor\codeigniter4\framework\system\CodeIgniter.php(336): CodeIgniter\CodeIgniter->handleRequest(NULL, Object(Config\Cache), false)
#12 C:\xamm\htdocs\pkl\public\index.php(37): CodeIgniter\CodeIgniter->run()
#13 C:\xamm\htdocs\pkl\vendor\codeigniter4\framework\system\Commands\Server\rewrite.php(45): require_once('C:\\xamm\\htdocs\\...')
#14 {main}
ERROR - 2021-08-15 23:15:43 --> Unknown column 'created_at' in 'field list'
CRITICAL - 2021-08-15 23:15:43 --> Unknown column 'created_at' in 'field list'
#0 C:\xamm\htdocs\pkl\vendor\codeigniter4\framework\system\Database\MySQLi\Connection.php(329): mysqli->query('INSERT INTO `se...')
#1 C:\xamm\htdocs\pkl\vendor\codeigniter4\framework\system\Database\BaseConnection.php(732): CodeIgniter\Database\MySQLi\Connection->execute('INSERT INTO `se...')
#2 C:\xamm\htdocs\pkl\vendor\codeigniter4\framework\system\Database\BaseConnection.php(647): CodeIgniter\Database\BaseConnection->simpleQuery('INSERT INTO `se...')
#3 C:\xamm\htdocs\pkl\vendor\codeigniter4\framework\system\Database\BaseBuilder.php(2277): CodeIgniter\Database\BaseConnection->query('INSERT INTO `se...', Array, false)
#4 C:\xamm\htdocs\pkl\vendor\codeigniter4\framework\system\Model.php(259): CodeIgniter\Database\BaseBuilder->insert()
#5 C:\xamm\htdocs\pkl\vendor\codeigniter4\framework\system\BaseModel.php(774): CodeIgniter\Model->doInsert(Array)
#6 C:\xamm\htdocs\pkl\vendor\codeigniter4\framework\system\Model.php(686): CodeIgniter\BaseModel->insert(Array, false)
#7 C:\xamm\htdocs\pkl\vendor\codeigniter4\framework\system\BaseModel.php(687): CodeIgniter\Model->insert(Array, false)
#8 C:\xamm\htdocs\pkl\app\Controllers\ClientTransaksi.php(41): CodeIgniter\BaseModel->save(Array)
#9 C:\xamm\htdocs\pkl\vendor\codeigniter4\framework\system\CodeIgniter.php(928): App\Controllers\ClientTransaksi->ctransaksi('8')
#10 C:\xamm\htdocs\pkl\vendor\codeigniter4\framework\system\CodeIgniter.php(436): CodeIgniter\CodeIgniter->runController(Object(App\Controllers\ClientTransaksi))
#11 C:\xamm\htdocs\pkl\vendor\codeigniter4\framework\system\CodeIgniter.php(336): CodeIgniter\CodeIgniter->handleRequest(NULL, Object(Config\Cache), false)
#12 C:\xamm\htdocs\pkl\public\index.php(37): CodeIgniter\CodeIgniter->run()
#13 C:\xamm\htdocs\pkl\vendor\codeigniter4\framework\system\Commands\Server\rewrite.php(45): require_once('C:\\xamm\\htdocs\\...')
#14 {main}
CRITICAL - 2021-08-15 23:34:20 --> Undefined variable: tabel
#0 C:\xamm\htdocs\pkl\app\Views\client_transaksi\tabel.php(27): CodeIgniter\Debug\Exceptions->errorHandler(8, 'Undefined varia...', 'C:\\xamm\\htdocs\\...', 27, Array)
#1 C:\xamm\htdocs\pkl\vendor\codeigniter4\framework\system\View\View.php(230): include('C:\\xamm\\htdocs\\...')
#2 C:\xamm\htdocs\pkl\vendor\codeigniter4\framework\system\View\View.php(232): CodeIgniter\View\View->CodeIgniter\View\{closure}()
#3 C:\xamm\htdocs\pkl\vendor\codeigniter4\framework\system\Common.php(1271): CodeIgniter\View\View->render('client_transaks...', Array, true)
#4 C:\xamm\htdocs\pkl\app\Controllers\ClientTransaksi.php(22): view('client_transaks...')
#5 C:\xamm\htdocs\pkl\vendor\codeigniter4\framework\system\CodeIgniter.php(928): App\Controllers\ClientTransaksi->index()
#6 C:\xamm\htdocs\pkl\vendor\codeigniter4\framework\system\CodeIgniter.php(436): CodeIgniter\CodeIgniter->runController(Object(App\Controllers\ClientTransaksi))
#7 C:\xamm\htdocs\pkl\vendor\codeigniter4\framework\system\CodeIgniter.php(336): CodeIgniter\CodeIgniter->handleRequest(NULL, Object(Config\Cache), false)
#8 C:\xamm\htdocs\pkl\public\index.php(37): CodeIgniter\CodeIgniter->run()
#9 C:\xamm\htdocs\pkl\vendor\codeigniter4\framework\system\Commands\Server\rewrite.php(45): require_once('C:\\xamm\\htdocs\\...')
#10 {main}
CRITICAL - 2021-08-15 23:35:51 --> Undefined index: client_username
#0 C:\xamm\htdocs\pkl\app\Views\client_transaksi\tabel.php(29): CodeIgniter\Debug\Exceptions->errorHandler(8, 'Undefined index...', 'C:\\xamm\\htdocs\\...', 29, Array)
#1 C:\xamm\htdocs\pkl\vendor\codeigniter4\framework\system\View\View.php(230): include('C:\\xamm\\htdocs\\...')
#2 C:\xamm\htdocs\pkl\vendor\codeigniter4\framework\system\View\View.php(232): CodeIgniter\View\View->CodeIgniter\View\{closure}()
#3 C:\xamm\htdocs\pkl\vendor\codeigniter4\framework\system\Common.php(1271): CodeIgniter\View\View->render('client_transaks...', Array, true)
#4 C:\xamm\htdocs\pkl\app\Controllers\ClientTransaksi.php(26): view('client_transaks...', Array)
#5 C:\xamm\htdocs\pkl\vendor\codeigniter4\framework\system\CodeIgniter.php(928): App\Controllers\ClientTransaksi->index()
#6 C:\xamm\htdocs\pkl\vendor\codeigniter4\framework\system\CodeIgniter.php(436): CodeIgniter\CodeIgniter->runController(Object(App\Controllers\ClientTransaksi))
#7 C:\xamm\htdocs\pkl\vendor\codeigniter4\framework\system\CodeIgniter.php(336): CodeIgniter\CodeIgniter->handleRequest(NULL, Object(Config\Cache), false)
#8 C:\xamm\htdocs\pkl\public\index.php(37): CodeIgniter\CodeIgniter->run()
#9 C:\xamm\htdocs\pkl\vendor\codeigniter4\framework\system\Commands\Server\rewrite.php(45): require_once('C:\\xamm\\htdocs\\...')
#10 {main}
CRITICAL - 2021-08-15 23:37:23 --> Undefined index: client_ransaksi_date_start
#0 C:\xamm\htdocs\pkl\app\Views\client_transaksi\tabel.php(30): CodeIgniter\Debug\Exceptions->errorHandler(8, 'Undefined index...', 'C:\\xamm\\htdocs\\...', 30, Array)
#1 C:\xamm\htdocs\pkl\vendor\codeigniter4\framework\system\View\View.php(230): include('C:\\xamm\\htdocs\\...')
#2 C:\xamm\htdocs\pkl\vendor\codeigniter4\framework\system\View\View.php(232): CodeIgniter\View\View->CodeIgniter\View\{closure}()
#3 C:\xamm\htdocs\pkl\vendor\codeigniter4\framework\system\Common.php(1271): CodeIgniter\View\View->render('client_transaks...', Array, true)
#4 C:\xamm\htdocs\pkl\app\Controllers\ClientTransaksi.php(26): view('client_transaks...', Array)
#5 C:\xamm\htdocs\pkl\vendor\codeigniter4\framework\system\CodeIgniter.php(928): App\Controllers\ClientTransaksi->index()
#6 C:\xamm\htdocs\pkl\vendor\codeigniter4\framework\system\CodeIgniter.php(436): CodeIgniter\CodeIgniter->runController(Object(App\Controllers\ClientTransaksi))
#7 C:\xamm\htdocs\pkl\vendor\codeigniter4\framework\system\CodeIgniter.php(336): CodeIgniter\CodeIgniter->handleRequest(NULL, Object(Config\Cache), false)
#8 C:\xamm\htdocs\pkl\public\index.php(37): CodeIgniter\CodeIgniter->run()
#9 C:\xamm\htdocs\pkl\vendor\codeigniter4\framework\system\Commands\Server\rewrite.php(45): require_once('C:\\xamm\\htdocs\\...')
#10 {main}
CRITICAL - 2021-08-15 23:53:31 --> Undefined index: set_keterangan
#0 C:\xamm\htdocs\pkl\app\Views\setting\tabel.php(28): CodeIgniter\Debug\Exceptions->errorHandler(8, 'Undefined index...', 'C:\\xamm\\htdocs\\...', 28, Array)
#1 C:\xamm\htdocs\pkl\vendor\codeigniter4\framework\system\View\View.php(230): include('C:\\xamm\\htdocs\\...')
#2 C:\xamm\htdocs\pkl\vendor\codeigniter4\framework\system\View\View.php(232): CodeIgniter\View\View->CodeIgniter\View\{closure}()
#3 C:\xamm\htdocs\pkl\vendor\codeigniter4\framework\system\Common.php(1271): CodeIgniter\View\View->render('setting/tabel', Array, true)
#4 C:\xamm\htdocs\pkl\app\Controllers\Setting.php(25): view('setting/tabel', Array)
#5 C:\xamm\htdocs\pkl\vendor\codeigniter4\framework\system\CodeIgniter.php(928): App\Controllers\Setting->index()
#6 C:\xamm\htdocs\pkl\vendor\codeigniter4\framework\system\CodeIgniter.php(436): CodeIgniter\CodeIgniter->runController(Object(App\Controllers\Setting))
#7 C:\xamm\htdocs\pkl\vendor\codeigniter4\framework\system\CodeIgniter.php(336): CodeIgniter\CodeIgniter->handleRequest(NULL, Object(Config\Cache), false)
#8 C:\xamm\htdocs\pkl\public\index.php(37): CodeIgniter\CodeIgniter->run()
#9 C:\xamm\htdocs\pkl\vendor\codeigniter4\framework\system\Commands\Server\rewrite.php(45): require_once('C:\\xamm\\htdocs\\...')
#10 {main}
