CRITICAL - 2021-08-25 08:24:59 --> A non-numeric value encountered
#0 C:\xamm\htdocs\pkl\app\Controllers\restful.php(67): CodeIgniter\Debug\Exceptions->errorHandler(2, 'A non-numeric v...', 'C:\\xamm\\htdocs\\...', 67, Array)
#1 C:\xamm\htdocs\pkl\vendor\codeigniter4\framework\system\CodeIgniter.php(928): App\Controllers\restful->update('2')
#2 C:\xamm\htdocs\pkl\vendor\codeigniter4\framework\system\CodeIgniter.php(436): CodeIgniter\CodeIgniter->runController(Object(App\Controllers\restful))
#3 C:\xamm\htdocs\pkl\vendor\codeigniter4\framework\system\CodeIgniter.php(336): CodeIgniter\CodeIgniter->handleRequest(NULL, Object(Config\Cache), false)
#4 C:\xamm\htdocs\pkl\public\index.php(37): CodeIgniter\CodeIgniter->run()
#5 {main}
CRITICAL - 2021-08-25 08:26:58 --> Call to a member function find() on null
#0 C:\xamm\htdocs\pkl\vendor\codeigniter4\framework\system\CodeIgniter.php(928): App\Controllers\restful->update('2')
#1 C:\xamm\htdocs\pkl\vendor\codeigniter4\framework\system\CodeIgniter.php(436): CodeIgniter\CodeIgniter->runController(Object(App\Controllers\restful))
#2 C:\xamm\htdocs\pkl\vendor\codeigniter4\framework\system\CodeIgniter.php(336): CodeIgniter\CodeIgniter->handleRequest(NULL, Object(Config\Cache), false)
#3 C:\xamm\htdocs\pkl\public\index.php(37): CodeIgniter\CodeIgniter->run()
#4 {main}
CRITICAL - 2021-08-25 08:36:05 --> Undefined property: App\Controllers\Setting::$m_crnsaksi
#0 C:\xamm\htdocs\pkl\app\Controllers\Setting.php(24): CodeIgniter\Debug\Exceptions->errorHandler(8, 'Undefined prope...', 'C:\\xamm\\htdocs\\...', 24, Array)
#1 C:\xamm\htdocs\pkl\vendor\codeigniter4\framework\system\CodeIgniter.php(928): App\Controllers\Setting->index()
#2 C:\xamm\htdocs\pkl\vendor\codeigniter4\framework\system\CodeIgniter.php(436): CodeIgniter\CodeIgniter->runController(Object(App\Controllers\Setting))
#3 C:\xamm\htdocs\pkl\vendor\codeigniter4\framework\system\CodeIgniter.php(336): CodeIgniter\CodeIgniter->handleRequest(NULL, Object(Config\Cache), false)
#4 C:\xamm\htdocs\pkl\public\index.php(37): CodeIgniter\CodeIgniter->run()
#5 {main}
CRITICAL - 2021-08-25 08:36:32 --> Trying to get property 'set_invoice_cooldown' of non-object
#0 C:\xamm\htdocs\pkl\app\Views\setting\tabel.php(25): CodeIgniter\Debug\Exceptions->errorHandler(8, 'Trying to get p...', 'C:\\xamm\\htdocs\\...', 25, Array)
#1 C:\xamm\htdocs\pkl\vendor\codeigniter4\framework\system\View\View.php(230): include('C:\\xamm\\htdocs\\...')
#2 C:\xamm\htdocs\pkl\vendor\codeigniter4\framework\system\View\View.php(232): CodeIgniter\View\View->CodeIgniter\View\{closure}()
#3 C:\xamm\htdocs\pkl\vendor\codeigniter4\framework\system\Common.php(1271): CodeIgniter\View\View->render('setting/tabel', Array, true)
#4 C:\xamm\htdocs\pkl\app\Controllers\Setting.php(33): view('setting/tabel', Array)
#5 C:\xamm\htdocs\pkl\vendor\codeigniter4\framework\system\CodeIgniter.php(928): App\Controllers\Setting->index()
#6 C:\xamm\htdocs\pkl\vendor\codeigniter4\framework\system\CodeIgniter.php(436): CodeIgniter\CodeIgniter->runController(Object(App\Controllers\Setting))
#7 C:\xamm\htdocs\pkl\vendor\codeigniter4\framework\system\CodeIgniter.php(336): CodeIgniter\CodeIgniter->handleRequest(NULL, Object(Config\Cache), false)
#8 C:\xamm\htdocs\pkl\public\index.php(37): CodeIgniter\CodeIgniter->run()
#9 {main}
CRITICAL - 2021-08-25 08:37:20 --> Trying to get property 'set_invoice_cooldown' of non-object
#0 C:\xamm\htdocs\pkl\app\Views\setting\tabel.php(25): CodeIgniter\Debug\Exceptions->errorHandler(8, 'Trying to get p...', 'C:\\xamm\\htdocs\\...', 25, Array)
#1 C:\xamm\htdocs\pkl\vendor\codeigniter4\framework\system\View\View.php(230): include('C:\\xamm\\htdocs\\...')
#2 C:\xamm\htdocs\pkl\vendor\codeigniter4\framework\system\View\View.php(232): CodeIgniter\View\View->CodeIgniter\View\{closure}()
#3 C:\xamm\htdocs\pkl\vendor\codeigniter4\framework\system\Common.php(1271): CodeIgniter\View\View->render('setting/tabel', Array, true)
#4 C:\xamm\htdocs\pkl\app\Controllers\Setting.php(33): view('setting/tabel', Array)
#5 C:\xamm\htdocs\pkl\vendor\codeigniter4\framework\system\CodeIgniter.php(928): App\Controllers\Setting->index()
#6 C:\xamm\htdocs\pkl\vendor\codeigniter4\framework\system\CodeIgniter.php(436): CodeIgniter\CodeIgniter->runController(Object(App\Controllers\Setting))
#7 C:\xamm\htdocs\pkl\vendor\codeigniter4\framework\system\CodeIgniter.php(336): CodeIgniter\CodeIgniter->handleRequest(NULL, Object(Config\Cache), false)
#8 C:\xamm\htdocs\pkl\public\index.php(37): CodeIgniter\CodeIgniter->run()
#9 {main}
CRITICAL - 2021-08-25 08:40:54 --> Undefined property: mysqli::$set_invoice_cooldown
#0 C:\xamm\htdocs\pkl\app\Views\setting\tabel.php(25): CodeIgniter\Debug\Exceptions->errorHandler(8, 'Undefined prope...', 'C:\\xamm\\htdocs\\...', 25, Array)
#1 C:\xamm\htdocs\pkl\vendor\codeigniter4\framework\system\View\View.php(230): include('C:\\xamm\\htdocs\\...')
#2 C:\xamm\htdocs\pkl\vendor\codeigniter4\framework\system\View\View.php(232): CodeIgniter\View\View->CodeIgniter\View\{closure}()
#3 C:\xamm\htdocs\pkl\vendor\codeigniter4\framework\system\Common.php(1271): CodeIgniter\View\View->render('setting/tabel', Array, true)
#4 C:\xamm\htdocs\pkl\app\Controllers\Setting.php(33): view('setting/tabel', Array)
#5 C:\xamm\htdocs\pkl\vendor\codeigniter4\framework\system\CodeIgniter.php(928): App\Controllers\Setting->index()
#6 C:\xamm\htdocs\pkl\vendor\codeigniter4\framework\system\CodeIgniter.php(436): CodeIgniter\CodeIgniter->runController(Object(App\Controllers\Setting))
#7 C:\xamm\htdocs\pkl\vendor\codeigniter4\framework\system\CodeIgniter.php(336): CodeIgniter\CodeIgniter->handleRequest(NULL, Object(Config\Cache), false)
#8 C:\xamm\htdocs\pkl\public\index.php(37): CodeIgniter\CodeIgniter->run()
#9 {main}
CRITICAL - 2021-08-25 08:42:31 --> Cannot use object of type stdClass as array
#0 C:\xamm\htdocs\pkl\vendor\codeigniter4\framework\system\View\View.php(230): include()
#1 C:\xamm\htdocs\pkl\vendor\codeigniter4\framework\system\View\View.php(232): CodeIgniter\View\View->CodeIgniter\View\{closure}()
#2 C:\xamm\htdocs\pkl\vendor\codeigniter4\framework\system\Common.php(1271): CodeIgniter\View\View->render('setting/tabel', Array, true)
#3 C:\xamm\htdocs\pkl\app\Controllers\Setting.php(33): view('setting/tabel', Array)
#4 C:\xamm\htdocs\pkl\vendor\codeigniter4\framework\system\CodeIgniter.php(928): App\Controllers\Setting->index()
#5 C:\xamm\htdocs\pkl\vendor\codeigniter4\framework\system\CodeIgniter.php(436): CodeIgniter\CodeIgniter->runController(Object(App\Controllers\Setting))
#6 C:\xamm\htdocs\pkl\vendor\codeigniter4\framework\system\CodeIgniter.php(336): CodeIgniter\CodeIgniter->handleRequest(NULL, Object(Config\Cache), false)
#7 C:\xamm\htdocs\pkl\public\index.php(37): CodeIgniter\CodeIgniter->run()
#8 {main}
CRITICAL - 2021-08-25 08:43:46 --> Undefined variable: pager
#0 C:\xamm\htdocs\pkl\app\Views\setting\tabel.php(37): CodeIgniter\Debug\Exceptions->errorHandler(8, 'Undefined varia...', 'C:\\xamm\\htdocs\\...', 37, Array)
#1 C:\xamm\htdocs\pkl\vendor\codeigniter4\framework\system\View\View.php(230): include('C:\\xamm\\htdocs\\...')
#2 C:\xamm\htdocs\pkl\vendor\codeigniter4\framework\system\View\View.php(232): CodeIgniter\View\View->CodeIgniter\View\{closure}()
#3 C:\xamm\htdocs\pkl\vendor\codeigniter4\framework\system\Common.php(1271): CodeIgniter\View\View->render('setting/tabel', Array, true)
#4 C:\xamm\htdocs\pkl\app\Controllers\Setting.php(33): view('setting/tabel', Array)
#5 C:\xamm\htdocs\pkl\vendor\codeigniter4\framework\system\CodeIgniter.php(928): App\Controllers\Setting->index()
#6 C:\xamm\htdocs\pkl\vendor\codeigniter4\framework\system\CodeIgniter.php(436): CodeIgniter\CodeIgniter->runController(Object(App\Controllers\Setting))
#7 C:\xamm\htdocs\pkl\vendor\codeigniter4\framework\system\CodeIgniter.php(336): CodeIgniter\CodeIgniter->handleRequest(NULL, Object(Config\Cache), false)
#8 C:\xamm\htdocs\pkl\public\index.php(37): CodeIgniter\CodeIgniter->run()
#9 {main}
CRITICAL - 2021-08-25 09:21:53 --> Trying to get property 'set_invoice_cooldown' of non-object
#0 C:\xamm\htdocs\pkl\app\Views\setting\tabel.php(25): CodeIgniter\Debug\Exceptions->errorHandler(8, 'Trying to get p...', 'C:\\xamm\\htdocs\\...', 25, Array)
#1 C:\xamm\htdocs\pkl\vendor\codeigniter4\framework\system\View\View.php(230): include('C:\\xamm\\htdocs\\...')
#2 C:\xamm\htdocs\pkl\vendor\codeigniter4\framework\system\View\View.php(232): CodeIgniter\View\View->CodeIgniter\View\{closure}()
#3 C:\xamm\htdocs\pkl\vendor\codeigniter4\framework\system\Common.php(1271): CodeIgniter\View\View->render('setting/tabel', Array, true)
#4 C:\xamm\htdocs\pkl\app\Controllers\Setting.php(33): view('setting/tabel', Array)
#5 C:\xamm\htdocs\pkl\vendor\codeigniter4\framework\system\CodeIgniter.php(928): App\Controllers\Setting->index()
#6 C:\xamm\htdocs\pkl\vendor\codeigniter4\framework\system\CodeIgniter.php(436): CodeIgniter\CodeIgniter->runController(Object(App\Controllers\Setting))
#7 C:\xamm\htdocs\pkl\vendor\codeigniter4\framework\system\CodeIgniter.php(336): CodeIgniter\CodeIgniter->handleRequest(NULL, Object(Config\Cache), false)
#8 C:\xamm\htdocs\pkl\public\index.php(37): CodeIgniter\CodeIgniter->run()
#9 {main}
CRITICAL - 2021-08-25 09:57:29 --> Undefined variable: tabel
#0 C:\xamm\htdocs\pkl\app\Controllers\Setting.php(33): CodeIgniter\Debug\Exceptions->errorHandler(8, 'Undefined varia...', 'C:\\xamm\\htdocs\\...', 33, Array)
#1 C:\xamm\htdocs\pkl\vendor\codeigniter4\framework\system\CodeIgniter.php(928): App\Controllers\Setting->index()
#2 C:\xamm\htdocs\pkl\vendor\codeigniter4\framework\system\CodeIgniter.php(436): CodeIgniter\CodeIgniter->runController(Object(App\Controllers\Setting))
#3 C:\xamm\htdocs\pkl\vendor\codeigniter4\framework\system\CodeIgniter.php(336): CodeIgniter\CodeIgniter->handleRequest(NULL, Object(Config\Cache), false)
#4 C:\xamm\htdocs\pkl\public\index.php(37): CodeIgniter\CodeIgniter->run()
#5 {main}
CRITICAL - 2021-08-25 14:35:17 --> Cannot use object of type stdClass as array
#0 C:\xamm\htdocs\pkl\vendor\codeigniter4\framework\system\View\View.php(230): include()
#1 C:\xamm\htdocs\pkl\vendor\codeigniter4\framework\system\View\View.php(232): CodeIgniter\View\View->CodeIgniter\View\{closure}()
#2 C:\xamm\htdocs\pkl\vendor\codeigniter4\framework\system\Common.php(1271): CodeIgniter\View\View->render('setting/tabel', Array, true)
#3 C:\xamm\htdocs\pkl\app\Controllers\Setting.php(39): view('setting/tabel', Array)
#4 C:\xamm\htdocs\pkl\vendor\codeigniter4\framework\system\CodeIgniter.php(928): App\Controllers\Setting->index()
#5 C:\xamm\htdocs\pkl\vendor\codeigniter4\framework\system\CodeIgniter.php(436): CodeIgniter\CodeIgniter->runController(Object(App\Controllers\Setting))
#6 C:\xamm\htdocs\pkl\vendor\codeigniter4\framework\system\CodeIgniter.php(336): CodeIgniter\CodeIgniter->handleRequest(NULL, Object(Config\Cache), false)
#7 C:\xamm\htdocs\pkl\public\index.php(37): CodeIgniter\CodeIgniter->run()
#8 {main}
CRITICAL - 2021-08-25 15:07:29 --> Constant expression contains invalid operations
#0 [internal function]: CodeIgniter\Debug\Exceptions->shutdownHandler()
#1 {main}
CRITICAL - 2021-08-25 15:07:30 --> Constant expression contains invalid operations
#0 [internal function]: CodeIgniter\Debug\Exceptions->shutdownHandler()
#1 {main}
CRITICAL - 2021-08-25 15:07:45 --> Constant expression contains invalid operations
#0 [internal function]: CodeIgniter\Debug\Exceptions->shutdownHandler()
#1 {main}
CRITICAL - 2021-08-25 15:19:38 --> Namespace declaration statement has to be the very first statement or after any declare call in the script
#0 [internal function]: CodeIgniter\Debug\Exceptions->shutdownHandler()
#1 {main}
CRITICAL - 2021-08-25 15:19:40 --> Namespace declaration statement has to be the very first statement or after any declare call in the script
#0 [internal function]: CodeIgniter\Debug\Exceptions->shutdownHandler()
#1 {main}
CRITICAL - 2021-08-25 15:19:43 --> Namespace declaration statement has to be the very first statement or after any declare call in the script
#0 [internal function]: CodeIgniter\Debug\Exceptions->shutdownHandler()
#1 {main}
CRITICAL - 2021-08-25 15:20:12 --> Undefined index: data1
#0 C:\xamm\htdocs\pkl\app\Controllers\restful.php(2): CodeIgniter\Debug\Exceptions->errorHandler(8, 'Undefined index...', 'C:\\xamm\\htdocs\\...', 2, Array)
#1 C:\xamm\htdocs\pkl\vendor\codeigniter4\framework\system\Autoloader\Autoloader.php(300): include_once('C:\\xamm\\htdocs\\...')
#2 C:\xamm\htdocs\pkl\vendor\codeigniter4\framework\system\Autoloader\Autoloader.php(273): CodeIgniter\Autoloader\Autoloader->includeFile('C:\\xamm\\htdocs\\...')
#3 C:\xamm\htdocs\pkl\vendor\codeigniter4\framework\system\Autoloader\Autoloader.php(247): CodeIgniter\Autoloader\Autoloader->loadInNamespace('App\\Controllers...')
#4 [internal function]: CodeIgniter\Autoloader\Autoloader->loadClass('App\\Controllers...')
#5 [internal function]: spl_autoload_call('App\\Controllers...')
#6 C:\xamm\htdocs\pkl\vendor\codeigniter4\framework\system\CodeIgniter.php(885): class_exists('\\App\\Controller...', true)
#7 C:\xamm\htdocs\pkl\vendor\codeigniter4\framework\system\CodeIgniter.php(421): CodeIgniter\CodeIgniter->startController()
#8 C:\xamm\htdocs\pkl\vendor\codeigniter4\framework\system\CodeIgniter.php(336): CodeIgniter\CodeIgniter->handleRequest(NULL, Object(Config\Cache), false)
#9 C:\xamm\htdocs\pkl\public\index.php(37): CodeIgniter\CodeIgniter->run()
#10 {main}
CRITICAL - 2021-08-25 15:20:48 --> Undefined index: data1
#0 C:\xamm\htdocs\pkl\app\Controllers\restful.php(2): CodeIgniter\Debug\Exceptions->errorHandler(8, 'Undefined index...', 'C:\\xamm\\htdocs\\...', 2, Array)
#1 C:\xamm\htdocs\pkl\vendor\codeigniter4\framework\system\Autoloader\Autoloader.php(300): include_once('C:\\xamm\\htdocs\\...')
#2 C:\xamm\htdocs\pkl\vendor\codeigniter4\framework\system\Autoloader\Autoloader.php(273): CodeIgniter\Autoloader\Autoloader->includeFile('C:\\xamm\\htdocs\\...')
#3 C:\xamm\htdocs\pkl\vendor\codeigniter4\framework\system\Autoloader\Autoloader.php(247): CodeIgniter\Autoloader\Autoloader->loadInNamespace('App\\Controllers...')
#4 [internal function]: CodeIgniter\Autoloader\Autoloader->loadClass('App\\Controllers...')
#5 [internal function]: spl_autoload_call('App\\Controllers...')
#6 C:\xamm\htdocs\pkl\vendor\codeigniter4\framework\system\CodeIgniter.php(885): class_exists('\\App\\Controller...', true)
#7 C:\xamm\htdocs\pkl\vendor\codeigniter4\framework\system\CodeIgniter.php(421): CodeIgniter\CodeIgniter->startController()
#8 C:\xamm\htdocs\pkl\vendor\codeigniter4\framework\system\CodeIgniter.php(336): CodeIgniter\CodeIgniter->handleRequest(NULL, Object(Config\Cache), false)
#9 C:\xamm\htdocs\pkl\public\index.php(37): CodeIgniter\CodeIgniter->run()
#10 {main}
CRITICAL - 2021-08-25 16:11:09 --> Undefined index: set_invoice_cooldown
#0 C:\xamm\htdocs\pkl\app\Controllers\restful.php(70): CodeIgniter\Debug\Exceptions->errorHandler(8, 'Undefined index...', 'C:\\xamm\\htdocs\\...', 70, Array)
#1 C:\xamm\htdocs\pkl\vendor\codeigniter4\framework\system\CodeIgniter.php(928): App\Controllers\restful->update('2')
#2 C:\xamm\htdocs\pkl\vendor\codeigniter4\framework\system\CodeIgniter.php(436): CodeIgniter\CodeIgniter->runController(Object(App\Controllers\restful))
#3 C:\xamm\htdocs\pkl\vendor\codeigniter4\framework\system\CodeIgniter.php(336): CodeIgniter\CodeIgniter->handleRequest(NULL, Object(Config\Cache), false)
#4 C:\xamm\htdocs\pkl\public\index.php(37): CodeIgniter\CodeIgniter->run()
#5 {main}
CRITICAL - 2021-08-25 16:11:11 --> Undefined index: set_invoice_cooldown
#0 C:\xamm\htdocs\pkl\app\Controllers\restful.php(70): CodeIgniter\Debug\Exceptions->errorHandler(8, 'Undefined index...', 'C:\\xamm\\htdocs\\...', 70, Array)
#1 C:\xamm\htdocs\pkl\vendor\codeigniter4\framework\system\CodeIgniter.php(928): App\Controllers\restful->update('2')
#2 C:\xamm\htdocs\pkl\vendor\codeigniter4\framework\system\CodeIgniter.php(436): CodeIgniter\CodeIgniter->runController(Object(App\Controllers\restful))
#3 C:\xamm\htdocs\pkl\vendor\codeigniter4\framework\system\CodeIgniter.php(336): CodeIgniter\CodeIgniter->handleRequest(NULL, Object(Config\Cache), false)
#4 C:\xamm\htdocs\pkl\public\index.php(37): CodeIgniter\CodeIgniter->run()
#5 {main}
