CRITICAL - 2021-09-09 10:04:05 --> A non-numeric value encountered
#0 C:\xamm\htdocs\pkl\app\Controllers\restful.php(73): CodeIgniter\Debug\Exceptions->errorHandler(2, 'A non-numeric v...', 'C:\\xamm\\htdocs\\...', 73, Array)
#1 C:\xamm\htdocs\pkl\vendor\codeigniter4\framework\system\CodeIgniter.php(928): App\Controllers\restful->update('1')
#2 C:\xamm\htdocs\pkl\vendor\codeigniter4\framework\system\CodeIgniter.php(436): CodeIgniter\CodeIgniter->runController(Object(App\Controllers\restful))
#3 C:\xamm\htdocs\pkl\vendor\codeigniter4\framework\system\CodeIgniter.php(336): CodeIgniter\CodeIgniter->handleRequest(NULL, Object(Config\Cache), false)
#4 C:\xamm\htdocs\pkl\public\index.php(37): CodeIgniter\CodeIgniter->run()
#5 {main}
CRITICAL - 2021-09-09 10:04:17 --> A non-numeric value encountered
#0 C:\xamm\htdocs\pkl\app\Controllers\restful.php(73): CodeIgniter\Debug\Exceptions->errorHandler(2, 'A non-numeric v...', 'C:\\xamm\\htdocs\\...', 73, Array)
#1 C:\xamm\htdocs\pkl\vendor\codeigniter4\framework\system\CodeIgniter.php(928): App\Controllers\restful->update('1')
#2 C:\xamm\htdocs\pkl\vendor\codeigniter4\framework\system\CodeIgniter.php(436): CodeIgniter\CodeIgniter->runController(Object(App\Controllers\restful))
#3 C:\xamm\htdocs\pkl\vendor\codeigniter4\framework\system\CodeIgniter.php(336): CodeIgniter\CodeIgniter->handleRequest(NULL, Object(Config\Cache), false)
#4 C:\xamm\htdocs\pkl\public\index.php(37): CodeIgniter\CodeIgniter->run()
#5 {main}
CRITICAL - 2021-09-09 10:04:25 --> A non-numeric value encountered
#0 C:\xamm\htdocs\pkl\app\Controllers\restful.php(73): CodeIgniter\Debug\Exceptions->errorHandler(2, 'A non-numeric v...', 'C:\\xamm\\htdocs\\...', 73, Array)
#1 C:\xamm\htdocs\pkl\vendor\codeigniter4\framework\system\CodeIgniter.php(928): App\Controllers\restful->update('1')
#2 C:\xamm\htdocs\pkl\vendor\codeigniter4\framework\system\CodeIgniter.php(436): CodeIgniter\CodeIgniter->runController(Object(App\Controllers\restful))
#3 C:\xamm\htdocs\pkl\vendor\codeigniter4\framework\system\CodeIgniter.php(336): CodeIgniter\CodeIgniter->handleRequest(NULL, Object(Config\Cache), false)
#4 C:\xamm\htdocs\pkl\public\index.php(37): CodeIgniter\CodeIgniter->run()
#5 {main}
CRITICAL - 2021-09-09 10:24:14 --> A non-numeric value encountered
#0 C:\xamm\htdocs\pkl\app\Controllers\restful.php(73): CodeIgniter\Debug\Exceptions->errorHandler(2, 'A non-numeric v...', 'C:\\xamm\\htdocs\\...', 73, Array)
#1 C:\xamm\htdocs\pkl\vendor\codeigniter4\framework\system\CodeIgniter.php(928): App\Controllers\restful->update('1')
#2 C:\xamm\htdocs\pkl\vendor\codeigniter4\framework\system\CodeIgniter.php(436): CodeIgniter\CodeIgniter->runController(Object(App\Controllers\restful))
#3 C:\xamm\htdocs\pkl\vendor\codeigniter4\framework\system\CodeIgniter.php(336): CodeIgniter\CodeIgniter->handleRequest(NULL, Object(Config\Cache), false)
#4 C:\xamm\htdocs\pkl\public\index.php(37): CodeIgniter\CodeIgniter->run()
#5 {main}
CRITICAL - 2021-09-09 10:25:42 --> Undefined index: set_invoice_cooldown
#0 C:\xamm\htdocs\pkl\app\Controllers\restful.php(73): CodeIgniter\Debug\Exceptions->errorHandler(8, 'Undefined index...', 'C:\\xamm\\htdocs\\...', 73, Array)
#1 C:\xamm\htdocs\pkl\vendor\codeigniter4\framework\system\CodeIgniter.php(928): App\Controllers\restful->update('1')
#2 C:\xamm\htdocs\pkl\vendor\codeigniter4\framework\system\CodeIgniter.php(436): CodeIgniter\CodeIgniter->runController(Object(App\Controllers\restful))
#3 C:\xamm\htdocs\pkl\vendor\codeigniter4\framework\system\CodeIgniter.php(336): CodeIgniter\CodeIgniter->handleRequest(NULL, Object(Config\Cache), false)
#4 C:\xamm\htdocs\pkl\public\index.php(37): CodeIgniter\CodeIgniter->run()
#5 {main}
