CRITICAL - 2021-09-13 11:32:49 --> Trying to get property 'set_invoice_cooldown' of non-object
#0 C:\xamm\htdocs\pkl\app\Views\setting\tabel.php(145): CodeIgniter\Debug\Exceptions->errorHandler(8, 'Trying to get p...', 'C:\\xamm\\htdocs\\...', 145, Array)
#1 C:\xamm\htdocs\pkl\vendor\codeigniter4\framework\system\View\View.php(230): include('C:\\xamm\\htdocs\\...')
#2 C:\xamm\htdocs\pkl\vendor\codeigniter4\framework\system\View\View.php(232): CodeIgniter\View\View->CodeIgniter\View\{closure}()
#3 C:\xamm\htdocs\pkl\vendor\codeigniter4\framework\system\Common.php(1271): CodeIgniter\View\View->render('setting/tabel', Array, true)
#4 C:\xamm\htdocs\pkl\app\Controllers\Setting.php(39): view('setting/tabel', Array)
#5 C:\xamm\htdocs\pkl\vendor\codeigniter4\framework\system\CodeIgniter.php(928): App\Controllers\Setting->index()
#6 C:\xamm\htdocs\pkl\vendor\codeigniter4\framework\system\CodeIgniter.php(436): CodeIgniter\CodeIgniter->runController(Object(App\Controllers\Setting))
#7 C:\xamm\htdocs\pkl\vendor\codeigniter4\framework\system\CodeIgniter.php(336): CodeIgniter\CodeIgniter->handleRequest(NULL, Object(Config\Cache), false)
#8 C:\xamm\htdocs\pkl\public\index.php(37): CodeIgniter\CodeIgniter->run()
#9 {main}
CRITICAL - 2021-09-13 11:33:37 --> Undefined index: set_invoice_cooldown
#0 C:\xamm\htdocs\pkl\app\Views\setting\tabel.php(145): CodeIgniter\Debug\Exceptions->errorHandler(8, 'Undefined index...', 'C:\\xamm\\htdocs\\...', 145, Array)
#1 C:\xamm\htdocs\pkl\vendor\codeigniter4\framework\system\View\View.php(230): include('C:\\xamm\\htdocs\\...')
#2 C:\xamm\htdocs\pkl\vendor\codeigniter4\framework\system\View\View.php(232): CodeIgniter\View\View->CodeIgniter\View\{closure}()
#3 C:\xamm\htdocs\pkl\vendor\codeigniter4\framework\system\Common.php(1271): CodeIgniter\View\View->render('setting/tabel', Array, true)
#4 C:\xamm\htdocs\pkl\app\Controllers\Setting.php(39): view('setting/tabel', Array)
#5 C:\xamm\htdocs\pkl\vendor\codeigniter4\framework\system\CodeIgniter.php(928): App\Controllers\Setting->index()
#6 C:\xamm\htdocs\pkl\vendor\codeigniter4\framework\system\CodeIgniter.php(436): CodeIgniter\CodeIgniter->runController(Object(App\Controllers\Setting))
#7 C:\xamm\htdocs\pkl\vendor\codeigniter4\framework\system\CodeIgniter.php(336): CodeIgniter\CodeIgniter->handleRequest(NULL, Object(Config\Cache), false)
#8 C:\xamm\htdocs\pkl\public\index.php(37): CodeIgniter\CodeIgniter->run()
#9 {main}
