CRITICAL - 2021-09-20 08:12:11 --> Undefined offset: 0
#0 C:\xamm\htdocs\pkl\app\Controllers\Setting.php(24): CodeIgniter\Debug\Exceptions->errorHandler(8, 'Undefined offse...', 'C:\\xamm\\htdocs\\...', 24, Array)
#1 C:\xamm\htdocs\pkl\vendor\codeigniter4\framework\system\CodeIgniter.php(928): App\Controllers\Setting->index()
#2 C:\xamm\htdocs\pkl\vendor\codeigniter4\framework\system\CodeIgniter.php(436): CodeIgniter\CodeIgniter->runController(Object(App\Controllers\Setting))
#3 C:\xamm\htdocs\pkl\vendor\codeigniter4\framework\system\CodeIgniter.php(336): CodeIgniter\CodeIgniter->handleRequest(NULL, Object(Config\Cache), false)
#4 C:\xamm\htdocs\pkl\public\index.php(37): CodeIgniter\CodeIgniter->run()
#5 {main}
CRITICAL - 2021-09-20 08:12:49 --> Undefined offset: 0
#0 C:\xamm\htdocs\pkl\app\Controllers\Setting.php(24): CodeIgniter\Debug\Exceptions->errorHandler(8, 'Undefined offse...', 'C:\\xamm\\htdocs\\...', 24, Array)
#1 C:\xamm\htdocs\pkl\vendor\codeigniter4\framework\system\CodeIgniter.php(928): App\Controllers\Setting->index()
#2 C:\xamm\htdocs\pkl\vendor\codeigniter4\framework\system\CodeIgniter.php(436): CodeIgniter\CodeIgniter->runController(Object(App\Controllers\Setting))
#3 C:\xamm\htdocs\pkl\vendor\codeigniter4\framework\system\CodeIgniter.php(336): CodeIgniter\CodeIgniter->handleRequest(NULL, Object(Config\Cache), false)
#4 C:\xamm\htdocs\pkl\public\index.php(37): CodeIgniter\CodeIgniter->run()
#5 {main}
CRITICAL - 2021-09-20 08:37:21 --> Maximum execution time of 30 seconds exceeded
#0 [internal function]: CodeIgniter\Debug\Exceptions->shutdownHandler()
#1 {main}
ERROR - 2021-09-20 08:57:02 --> Email: sendWithSmtp throwed fsockopen(): SSL: The operation completed successfully.

CRITICAL - 2021-09-20 09:03:02 --> Undefined property: App\Controllers\restful::$m_client
#0 C:\xamm\htdocs\pkl\app\Controllers\restful.php(20): CodeIgniter\Debug\Exceptions->errorHandler(8, 'Undefined prope...', 'C:\\xamm\\htdocs\\...', 20, Array)
#1 C:\xamm\htdocs\pkl\vendor\codeigniter4\framework\system\CodeIgniter.php(928): App\Controllers\restful->index()
#2 C:\xamm\htdocs\pkl\vendor\codeigniter4\framework\system\CodeIgniter.php(436): CodeIgniter\CodeIgniter->runController(Object(App\Controllers\restful))
#3 C:\xamm\htdocs\pkl\vendor\codeigniter4\framework\system\CodeIgniter.php(336): CodeIgniter\CodeIgniter->handleRequest(NULL, Object(Config\Cache), false)
#4 C:\xamm\htdocs\pkl\public\index.php(37): CodeIgniter\CodeIgniter->run()
#5 {main}
CRITICAL - 2021-09-20 09:03:45 --> Undefined index: client_id
#0 C:\xamm\htdocs\pkl\app\Controllers\restful.php(22): CodeIgniter\Debug\Exceptions->errorHandler(8, 'Undefined index...', 'C:\\xamm\\htdocs\\...', 22, Array)
#1 C:\xamm\htdocs\pkl\vendor\codeigniter4\framework\system\CodeIgniter.php(928): App\Controllers\restful->index()
#2 C:\xamm\htdocs\pkl\vendor\codeigniter4\framework\system\CodeIgniter.php(436): CodeIgniter\CodeIgniter->runController(Object(App\Controllers\restful))
#3 C:\xamm\htdocs\pkl\vendor\codeigniter4\framework\system\CodeIgniter.php(336): CodeIgniter\CodeIgniter->handleRequest(NULL, Object(Config\Cache), false)
#4 C:\xamm\htdocs\pkl\public\index.php(37): CodeIgniter\CodeIgniter->run()
#5 {main}
