CRITICAL - 2021-09-02 08:09:01 --> Undefined index: Client_id
#0 C:\xamm\htdocs\pkl\app\Views\client\tabel.php(94): CodeIgniter\Debug\Exceptions->errorHandler(8, 'Undefined index...', 'C:\\xamm\\htdocs\\...', 94, Array)
#1 C:\xamm\htdocs\pkl\vendor\codeigniter4\framework\system\View\View.php(230): include('C:\\xamm\\htdocs\\...')
#2 C:\xamm\htdocs\pkl\vendor\codeigniter4\framework\system\View\View.php(232): CodeIgniter\View\View->CodeIgniter\View\{closure}()
#3 C:\xamm\htdocs\pkl\vendor\codeigniter4\framework\system\Common.php(1271): CodeIgniter\View\View->render('/client/tabel', Array, true)
#4 C:\xamm\htdocs\pkl\app\Controllers\Client.php(36): view('/client/tabel', Array)
#5 C:\xamm\htdocs\pkl\vendor\codeigniter4\framework\system\CodeIgniter.php(928): App\Controllers\client->index()
#6 C:\xamm\htdocs\pkl\vendor\codeigniter4\framework\system\CodeIgniter.php(436): CodeIgniter\CodeIgniter->runController(Object(App\Controllers\client))
#7 C:\xamm\htdocs\pkl\vendor\codeigniter4\framework\system\CodeIgniter.php(336): CodeIgniter\CodeIgniter->handleRequest(NULL, Object(Config\Cache), false)
#8 C:\xamm\htdocs\pkl\public\index.php(37): CodeIgniter\CodeIgniter->run()
#9 {main}
CRITICAL - 2021-09-02 14:42:26 --> Undefined variable: tabel
#0 C:\xamm\htdocs\pkl\app\Views\client\update.php(13): CodeIgniter\Debug\Exceptions->errorHandler(8, 'Undefined varia...', 'C:\\xamm\\htdocs\\...', 13, Array)
#1 C:\xamm\htdocs\pkl\vendor\codeigniter4\framework\system\View\View.php(230): include('C:\\xamm\\htdocs\\...')
#2 C:\xamm\htdocs\pkl\vendor\codeigniter4\framework\system\View\View.php(232): CodeIgniter\View\View->CodeIgniter\View\{closure}()
#3 C:\xamm\htdocs\pkl\vendor\codeigniter4\framework\system\View\View.php(487): CodeIgniter\View\View->render('/client/update', NULL, true)
#4 C:\xamm\htdocs\pkl\app\Views\client\tabel.php(22): CodeIgniter\View\View->include('/client/update')
#5 C:\xamm\htdocs\pkl\vendor\codeigniter4\framework\system\View\View.php(230): include('C:\\xamm\\htdocs\\...')
#6 C:\xamm\htdocs\pkl\vendor\codeigniter4\framework\system\View\View.php(232): CodeIgniter\View\View->CodeIgniter\View\{closure}()
#7 C:\xamm\htdocs\pkl\vendor\codeigniter4\framework\system\Common.php(1271): CodeIgniter\View\View->render('/client/tabel', Array, true)
#8 C:\xamm\htdocs\pkl\app\Controllers\Client.php(35): view('/client/tabel', Array)
#9 C:\xamm\htdocs\pkl\vendor\codeigniter4\framework\system\CodeIgniter.php(928): App\Controllers\client->index()
#10 C:\xamm\htdocs\pkl\vendor\codeigniter4\framework\system\CodeIgniter.php(436): CodeIgniter\CodeIgniter->runController(Object(App\Controllers\client))
#11 C:\xamm\htdocs\pkl\vendor\codeigniter4\framework\system\CodeIgniter.php(336): CodeIgniter\CodeIgniter->handleRequest(NULL, Object(Config\Cache), false)
#12 C:\xamm\htdocs\pkl\public\index.php(37): CodeIgniter\CodeIgniter->run()
#13 {main}
CRITICAL - 2021-09-02 14:46:16 --> Undefined index: client_id
#0 C:\xamm\htdocs\pkl\app\Views\client\update.php(13): CodeIgniter\Debug\Exceptions->errorHandler(8, 'Undefined index...', 'C:\\xamm\\htdocs\\...', 13, Array)
#1 C:\xamm\htdocs\pkl\vendor\codeigniter4\framework\system\View\View.php(230): include('C:\\xamm\\htdocs\\...')
#2 C:\xamm\htdocs\pkl\vendor\codeigniter4\framework\system\View\View.php(232): CodeIgniter\View\View->CodeIgniter\View\{closure}()
#3 C:\xamm\htdocs\pkl\vendor\codeigniter4\framework\system\View\View.php(487): CodeIgniter\View\View->render('/client/update', NULL, true)
#4 C:\xamm\htdocs\pkl\app\Views\client\tabel.php(22): CodeIgniter\View\View->include('/client/update')
#5 C:\xamm\htdocs\pkl\vendor\codeigniter4\framework\system\View\View.php(230): include('C:\\xamm\\htdocs\\...')
#6 C:\xamm\htdocs\pkl\vendor\codeigniter4\framework\system\View\View.php(232): CodeIgniter\View\View->CodeIgniter\View\{closure}()
#7 C:\xamm\htdocs\pkl\vendor\codeigniter4\framework\system\Common.php(1271): CodeIgniter\View\View->render('/client/tabel', Array, true)
#8 C:\xamm\htdocs\pkl\app\Controllers\Client.php(36): view('/client/tabel', Array)
#9 C:\xamm\htdocs\pkl\vendor\codeigniter4\framework\system\CodeIgniter.php(928): App\Controllers\client->index()
#10 C:\xamm\htdocs\pkl\vendor\codeigniter4\framework\system\CodeIgniter.php(436): CodeIgniter\CodeIgniter->runController(Object(App\Controllers\client))
#11 C:\xamm\htdocs\pkl\vendor\codeigniter4\framework\system\CodeIgniter.php(336): CodeIgniter\CodeIgniter->handleRequest(NULL, Object(Config\Cache), false)
#12 C:\xamm\htdocs\pkl\public\index.php(37): CodeIgniter\CodeIgniter->run()
#13 {main}
CRITICAL - 2021-09-02 14:46:18 --> Undefined index: client_id
#0 C:\xamm\htdocs\pkl\app\Views\client\update.php(13): CodeIgniter\Debug\Exceptions->errorHandler(8, 'Undefined index...', 'C:\\xamm\\htdocs\\...', 13, Array)
#1 C:\xamm\htdocs\pkl\vendor\codeigniter4\framework\system\View\View.php(230): include('C:\\xamm\\htdocs\\...')
#2 C:\xamm\htdocs\pkl\vendor\codeigniter4\framework\system\View\View.php(232): CodeIgniter\View\View->CodeIgniter\View\{closure}()
#3 C:\xamm\htdocs\pkl\vendor\codeigniter4\framework\system\View\View.php(487): CodeIgniter\View\View->render('/client/update', NULL, true)
#4 C:\xamm\htdocs\pkl\app\Views\client\tabel.php(22): CodeIgniter\View\View->include('/client/update')
#5 C:\xamm\htdocs\pkl\vendor\codeigniter4\framework\system\View\View.php(230): include('C:\\xamm\\htdocs\\...')
#6 C:\xamm\htdocs\pkl\vendor\codeigniter4\framework\system\View\View.php(232): CodeIgniter\View\View->CodeIgniter\View\{closure}()
#7 C:\xamm\htdocs\pkl\vendor\codeigniter4\framework\system\Common.php(1271): CodeIgniter\View\View->render('/client/tabel', Array, true)
#8 C:\xamm\htdocs\pkl\app\Controllers\Client.php(36): view('/client/tabel', Array)
#9 C:\xamm\htdocs\pkl\vendor\codeigniter4\framework\system\CodeIgniter.php(928): App\Controllers\client->index()
#10 C:\xamm\htdocs\pkl\vendor\codeigniter4\framework\system\CodeIgniter.php(436): CodeIgniter\CodeIgniter->runController(Object(App\Controllers\client))
#11 C:\xamm\htdocs\pkl\vendor\codeigniter4\framework\system\CodeIgniter.php(336): CodeIgniter\CodeIgniter->handleRequest(NULL, Object(Config\Cache), false)
#12 C:\xamm\htdocs\pkl\public\index.php(37): CodeIgniter\CodeIgniter->run()
#13 {main}
CRITICAL - 2021-09-02 14:46:19 --> Undefined index: client_id
#0 C:\xamm\htdocs\pkl\app\Views\client\update.php(13): CodeIgniter\Debug\Exceptions->errorHandler(8, 'Undefined index...', 'C:\\xamm\\htdocs\\...', 13, Array)
#1 C:\xamm\htdocs\pkl\vendor\codeigniter4\framework\system\View\View.php(230): include('C:\\xamm\\htdocs\\...')
#2 C:\xamm\htdocs\pkl\vendor\codeigniter4\framework\system\View\View.php(232): CodeIgniter\View\View->CodeIgniter\View\{closure}()
#3 C:\xamm\htdocs\pkl\vendor\codeigniter4\framework\system\View\View.php(487): CodeIgniter\View\View->render('/client/update', NULL, true)
#4 C:\xamm\htdocs\pkl\app\Views\client\tabel.php(22): CodeIgniter\View\View->include('/client/update')
#5 C:\xamm\htdocs\pkl\vendor\codeigniter4\framework\system\View\View.php(230): include('C:\\xamm\\htdocs\\...')
#6 C:\xamm\htdocs\pkl\vendor\codeigniter4\framework\system\View\View.php(232): CodeIgniter\View\View->CodeIgniter\View\{closure}()
#7 C:\xamm\htdocs\pkl\vendor\codeigniter4\framework\system\Common.php(1271): CodeIgniter\View\View->render('/client/tabel', Array, true)
#8 C:\xamm\htdocs\pkl\app\Controllers\Client.php(36): view('/client/tabel', Array)
#9 C:\xamm\htdocs\pkl\vendor\codeigniter4\framework\system\CodeIgniter.php(928): App\Controllers\client->index()
#10 C:\xamm\htdocs\pkl\vendor\codeigniter4\framework\system\CodeIgniter.php(436): CodeIgniter\CodeIgniter->runController(Object(App\Controllers\client))
#11 C:\xamm\htdocs\pkl\vendor\codeigniter4\framework\system\CodeIgniter.php(336): CodeIgniter\CodeIgniter->handleRequest(NULL, Object(Config\Cache), false)
#12 C:\xamm\htdocs\pkl\public\index.php(37): CodeIgniter\CodeIgniter->run()
#13 {main}
CRITICAL - 2021-09-02 14:50:55 --> Too few arguments to function App\Controllers\client::hupdate(), 0 passed in C:\xamm\htdocs\pkl\vendor\codeigniter4\framework\system\CodeIgniter.php on line 928 and exactly 1 expected
#0 C:\xamm\htdocs\pkl\vendor\codeigniter4\framework\system\CodeIgniter.php(928): App\Controllers\client->hupdate()
#1 C:\xamm\htdocs\pkl\vendor\codeigniter4\framework\system\CodeIgniter.php(436): CodeIgniter\CodeIgniter->runController(Object(App\Controllers\client))
#2 C:\xamm\htdocs\pkl\vendor\codeigniter4\framework\system\CodeIgniter.php(336): CodeIgniter\CodeIgniter->handleRequest(NULL, Object(Config\Cache), false)
#3 C:\xamm\htdocs\pkl\public\index.php(37): CodeIgniter\CodeIgniter->run()
#4 {main}
CRITICAL - 2021-09-02 15:34:55 --> Trying to get property 'id' of non-object
#0 C:\xamm\htdocs\pkl\app\Controllers\Client.php(117): CodeIgniter\Debug\Exceptions->errorHandler(8, 'Trying to get p...', 'C:\\xamm\\htdocs\\...', 117, Array)
#1 C:\xamm\htdocs\pkl\vendor\codeigniter4\framework\system\CodeIgniter.php(928): App\Controllers\client->hupdate('5')
#2 C:\xamm\htdocs\pkl\vendor\codeigniter4\framework\system\CodeIgniter.php(436): CodeIgniter\CodeIgniter->runController(Object(App\Controllers\client))
#3 C:\xamm\htdocs\pkl\vendor\codeigniter4\framework\system\CodeIgniter.php(336): CodeIgniter\CodeIgniter->handleRequest(NULL, Object(Config\Cache), false)
#4 C:\xamm\htdocs\pkl\public\index.php(37): CodeIgniter\CodeIgniter->run()
#5 {main}
